[ 2017-07-19T09:08:28+08:00 ] 127.0.0.1 /index.php
INFO: [ app_init ] --START--
INFO: Run Behavior\BuildLiteBehavior [ RunTime:0.030970s ]
INFO: [ app_init ] --END-- [ RunTime:0.145253s ]
INFO: [ app_begin ] --START--
INFO: Run Behavior\ReadHtmlCacheBehavior [ RunTime:0.006576s ]
INFO: [ app_begin ] --END-- [ RunTime:0.006761s ]
SQL: SHOW COLUMNS FROM `goods` [ RunTime:0.2873s ]
SQL: SELECT * FROM `goods` ORDER BY id desc LIMIT 10   [ RunTime:0.0241s ]
INFO: [ view_parse ] --START--
INFO: [ template_filter ] --START--
INFO: Run Behavior\ContentReplaceBehavior [ RunTime:0.000083s ]
INFO: [ template_filter ] --END-- [ RunTime:0.000140s ]
NOTIC: [8] Undefined variable: Carousel F:\logistics\Application\Runtime\Cache\Home\2a94b8bda04ff446dcedd42276fc99ee.php 第 35 行.
NOTIC: [8] Undefined variable: page F:\logistics\Application\Runtime\Cache\Home\2a94b8bda04ff446dcedd42276fc99ee.php 第 83 行.
INFO: Run Behavior\ParseTemplateBehavior [ RunTime:0.236992s ]
INFO: [ view_parse ] --END-- [ RunTime:0.237094s ]
INFO: [ view_filter ] --START--
INFO: Run Behavior\WriteHtmlCacheBehavior [ RunTime:0.055884s ]
INFO: [ view_filter ] --END-- [ RunTime:0.055956s ]
INFO: [ app_end ] --START--
INFO: Run Behavior\ShowPageTraceBehavior [ RunTime:0.022770s ]
INFO: [ app_end ] --END-- [ RunTime:0.022868s ]

[ 2017-07-19T13:49:55+08:00 ] 127.0.0.1 /index.php
INFO: [ app_init ] --START--
INFO: Run Behavior\BuildLiteBehavior [ RunTime:0.003289s ]
INFO: [ app_init ] --END-- [ RunTime:0.137487s ]
INFO: [ app_begin ] --START--
INFO: Run Behavior\ReadHtmlCacheBehavior [ RunTime:0.007039s ]
INFO: [ app_begin ] --END-- [ RunTime:0.007212s ]
SQL: SHOW COLUMNS FROM `goods` [ RunTime:0.3792s ]
SQL: SELECT * FROM `goods` ORDER BY id desc LIMIT 10   [ RunTime:0.0306s ]
INFO: [ view_parse ] --START--
INFO: [ template_filter ] --START--
INFO: Run Behavior\ContentReplaceBehavior [ RunTime:0.000178s ]
INFO: [ template_filter ] --END-- [ RunTime:0.000301s ]
NOTIC: [8] Undefined variable: Carousel F:\logistics\Application\Runtime\Cache\Home\2a94b8bda04ff446dcedd42276fc99ee.php 第 35 行.
NOTIC: [8] Undefined variable: page F:\logistics\Application\Runtime\Cache\Home\2a94b8bda04ff446dcedd42276fc99ee.php 第 83 行.
INFO: Run Behavior\ParseTemplateBehavior [ RunTime:0.204923s ]
INFO: [ view_parse ] --END-- [ RunTime:0.205070s ]
INFO: [ view_filter ] --START--
INFO: Run Behavior\WriteHtmlCacheBehavior [ RunTime:0.027911s ]
INFO: [ view_filter ] --END-- [ RunTime:0.028041s ]
INFO: [ app_end ] --START--
INFO: Run Behavior\ShowPageTraceBehavior [ RunTime:0.004835s ]
INFO: [ app_end ] --END-- [ RunTime:0.004981s ]

[ 2017-07-19T18:28:21+08:00 ] 127.0.0.1 /
INFO: [ app_init ] --START--
INFO: Run Behavior\BuildLiteBehavior [ RunTime:0.000000s ]
INFO: [ app_init ] --END-- [ RunTime:0.001000s ]
INFO: [ app_begin ] --START--
INFO: Run Behavior\ReadHtmlCacheBehavior [ RunTime:0.001000s ]
INFO: [ app_begin ] --END-- [ RunTime:0.001000s ]
SQL: SHOW COLUMNS FROM `goods` [ RunTime:0.0070s ]
SQL: SELECT * FROM `goods` ORDER BY id desc LIMIT 10   [ RunTime:0.0000s ]
INFO: [ view_parse ] --START--
INFO: [ template_filter ] --START--
INFO: Run Behavior\ContentReplaceBehavior [ RunTime:0.000000s ]
INFO: [ template_filter ] --END-- [ RunTime:0.001000s ]
NOTIC: [8] Undefined variable: Carousel F:\logistics\Application\Runtime\Cache\Home\2a94b8bda04ff446dcedd42276fc99ee.php 第 35 行.
NOTIC: [8] Undefined variable: page F:\logistics\Application\Runtime\Cache\Home\2a94b8bda04ff446dcedd42276fc99ee.php 第 83 行.
INFO: Run Behavior\ParseTemplateBehavior [ RunTime:0.011000s ]
INFO: [ view_parse ] --END-- [ RunTime:0.011000s ]
INFO: [ view_filter ] --START--
INFO: Run Behavior\WriteHtmlCacheBehavior [ RunTime:0.001000s ]
INFO: [ view_filter ] --END-- [ RunTime:0.001000s ]
INFO: [ app_end ] --START--
INFO: Run Behavior\ShowPageTraceBehavior [ RunTime:0.001000s ]
INFO: [ app_end ] --END-- [ RunTime:0.001000s ]

[ 2017-07-19T19:00:56+08:00 ] 127.0.0.1 /
INFO: [ app_init ] --START--
INFO: Run Behavior\BuildLiteBehavior [ RunTime:0.000000s ]
INFO: [ app_init ] --END-- [ RunTime:0.000000s ]
INFO: [ app_begin ] --START--
INFO: Run Behavior\ReadHtmlCacheBehavior [ RunTime:0.001000s ]
INFO: [ app_begin ] --END-- [ RunTime:0.001000s ]
SQL: SHOW COLUMNS FROM `goods` [ RunTime:0.0070s ]
SQL: SELECT * FROM `goods` ORDER BY id desc LIMIT 10   [ RunTime:0.0000s ]
INFO: [ view_parse ] --START--
INFO: [ template_filter ] --START--
INFO: Run Behavior\ContentReplaceBehavior [ RunTime:0.000000s ]
INFO: [ template_filter ] --END-- [ RunTime:0.000000s ]
NOTIC: [8] Undefined variable: Carousel F:\logistics\Application\Runtime\Cache\Home\2a94b8bda04ff446dcedd42276fc99ee.php 第 35 行.
NOTIC: [8] Undefined variable: page F:\logistics\Application\Runtime\Cache\Home\2a94b8bda04ff446dcedd42276fc99ee.php 第 83 行.
INFO: Run Behavior\ParseTemplateBehavior [ RunTime:0.011001s ]
INFO: [ view_parse ] --END-- [ RunTime:0.011001s ]
INFO: [ view_filter ] --START--
INFO: Run Behavior\WriteHtmlCacheBehavior [ RunTime:0.000000s ]
INFO: [ view_filter ] --END-- [ RunTime:0.000000s ]
INFO: [ app_end ] --START--
INFO: Run Behavior\ShowPageTraceBehavior [ RunTime:0.001000s ]
INFO: [ app_end ] --END-- [ RunTime:0.001000s ]

[ 2017-07-19T19:04:11+08:00 ] 127.0.0.1 /
INFO: [ app_init ] --START--
INFO: Run Behavior\BuildLiteBehavior [ RunTime:0.000000s ]
INFO: [ app_init ] --END-- [ RunTime:0.001000s ]
INFO: [ app_begin ] --START--
INFO: Run Behavior\ReadHtmlCacheBehavior [ RunTime:0.001000s ]
INFO: [ app_begin ] --END-- [ RunTime:0.002001s ]
SQL: SHOW COLUMNS FROM `goods` [ RunTime:0.0090s ]
SQL: SELECT * FROM `goods` ORDER BY id desc LIMIT 10   [ RunTime:0.0000s ]
SQL: SHOW COLUMNS FROM `carousel` [ RunTime:0.0070s ]
SQL: SELECT * FROM `carousel`  [ RunTime:0.0000s ]
INFO: [ view_parse ] --START--
INFO: [ template_filter ] --START--
INFO: Run Behavior\ContentReplaceBehavior [ RunTime:0.000000s ]
INFO: [ template_filter ] --END-- [ RunTime:0.001000s ]
NOTIC: [8] Undefined variable: page F:\logistics\Application\Runtime\Cache\Home\2a94b8bda04ff446dcedd42276fc99ee.php 第 83 行.
INFO: Run Behavior\ParseTemplateBehavior [ RunTime:0.025002s ]
INFO: [ view_parse ] --END-- [ RunTime:0.025002s ]
INFO: [ view_filter ] --START--
INFO: Run Behavior\WriteHtmlCacheBehavior [ RunTime:0.001000s ]
INFO: [ view_filter ] --END-- [ RunTime:0.001000s ]
INFO: [ app_end ] --START--
INFO: Run Behavior\ShowPageTraceBehavior [ RunTime:0.001000s ]
INFO: [ app_end ] --END-- [ RunTime:0.001000s ]

[ 2017-07-19T19:05:13+08:00 ] 127.0.0.1 /
INFO: [ app_init ] --START--
INFO: Run Behavior\BuildLiteBehavior [ RunTime:0.000000s ]
INFO: [ app_init ] --END-- [ RunTime:0.001000s ]
INFO: [ app_begin ] --START--
INFO: Run Behavior\ReadHtmlCacheBehavior [ RunTime:0.001000s ]
INFO: [ app_begin ] --END-- [ RunTime:0.001000s ]
SQL: SHOW COLUMNS FROM `goods` [ RunTime:0.0060s ]
SQL: SELECT * FROM `goods` ORDER BY id desc LIMIT 10   [ RunTime:0.0010s ]
SQL: SHOW COLUMNS FROM `carousel` [ RunTime:0.0060s ]
SQL: SELECT * FROM `carousel`  [ RunTime:0.0010s ]
INFO: [ view_parse ] --START--
INFO: [ template_filter ] --START--
INFO: Run Behavior\ContentReplaceBehavior [ RunTime:0.000000s ]
INFO: [ template_filter ] --END-- [ RunTime:0.000000s ]
NOTIC: [8] Undefined variable: page F:\logistics\Application\Runtime\Cache\Home\2a94b8bda04ff446dcedd42276fc99ee.php 第 83 行.
INFO: Run Behavior\ParseTemplateBehavior [ RunTime:0.011001s ]
INFO: [ view_parse ] --END-- [ RunTime:0.011001s ]
INFO: [ view_filter ] --START--
INFO: Run Behavior\WriteHtmlCacheBehavior [ RunTime:0.000000s ]
INFO: [ view_filter ] --END-- [ RunTime:0.001000s ]
INFO: [ app_end ] --START--
INFO: Run Behavior\ShowPageTraceBehavior [ RunTime:0.000000s ]
INFO: [ app_end ] --END-- [ RunTime:0.000000s ]

