[ 2017-07-12T17:12:59+08:00 ] 127.0.0.1 /favicon.ico
INFO: [ app_init ] --START--
INFO: Run Behavior\BuildLiteBehavior [ RunTime:0.000012s ]
INFO: [ app_init ] --END-- [ RunTime:0.000561s ]
ERR: æ— æ³•åŠ è½½æ¨¡å—:Favicon

[ 2017-07-12T17:13:00+08:00 ] 127.0.0.1 /favicon.ico
INFO: [ app_init ] --START--
INFO: Run Behavior\BuildLiteBehavior [ RunTime:0.000017s ]
INFO: [ app_init ] --END-- [ RunTime:0.000554s ]
ERR: æ— æ³•åŠ è½½æ¨¡å—:Favicon

[ 2017-07-12T17:13:00+08:00 ] 127.0.0.1 /favicon.ico
INFO: [ app_init ] --START--
INFO: Run Behavior\BuildLiteBehavior [ RunTime:0.000022s ]
INFO: [ app_init ] --END-- [ RunTime:0.000715s ]
ERR: æ— æ³•åŠ è½½æ¨¡å—:Favicon

[ 2017-07-12T18:34:37+08:00 ] 127.0.0.1 /PublicCss/public.css
INFO: [ app_init ] --START--
INFO: Run Behavior\BuildLiteBehavior [ RunTime:0.000015s ]
INFO: [ app_init ] --END-- [ RunTime:0.000502s ]
ERR: æ— æ³•åŠ è½½æ¨¡å—:PublicCss

[ 2017-07-12T18:34:37+08:00 ] 127.0.0.1 /PublicScripts/lazyload.js
INFO: [ app_init ] --START--
INFO: Run Behavior\BuildLiteBehavior [ RunTime:0.000020s ]
INFO: [ app_init ] --END-- [ RunTime:0.000515s ]
ERR: æ— æ³•åŠ è½½æ¨¡å—:PublicScripts

[ 2017-07-12T18:34:37+08:00 ] 127.0.0.1 /PublicScripts/jquery.js
INFO: [ app_init ] --START--
INFO: Run Behavior\BuildLiteBehavior [ RunTime:0.000017s ]
INFO: [ app_init ] --END-- [ RunTime:0.001274s ]
ERR: æ— æ³•åŠ è½½æ¨¡å—:PublicScripts

[ 2017-07-12T18:34:37+08:00 ] 127.0.0.1 /PublicCss/share.css
INFO: [ app_init ] --START--
INFO: Run Behavior\BuildLiteBehavior [ RunTime:0.000018s ]
INFO: [ app_init ] --END-- [ RunTime:0.000521s ]
ERR: æ— æ³•åŠ è½½æ¨¡å—:PublicCss

[ 2017-07-12T18:34:37+08:00 ] 127.0.0.1 /PublicScripts/swiper-2.1.min.js
INFO: [ app_init ] --START--
INFO: Run Behavior\BuildLiteBehavior [ RunTime:0.000016s ]
INFO: [ app_init ] --END-- [ RunTime:0.000506s ]
ERR: æ— æ³•åŠ è½½æ¨¡å—:PublicScripts

[ 2017-07-12T18:34:37+08:00 ] 127.0.0.1 /PublicScripts/jquery-1.10.1.min.js
INFO: [ app_init ] --START--
INFO: Run Behavior\BuildLiteBehavior [ RunTime:0.000020s ]
INFO: [ app_init ] --END-- [ RunTime:0.000583s ]
ERR: æ— æ³•åŠ è½½æ¨¡å—:PublicScripts

[ 2017-07-12T18:34:37+08:00 ] 127.0.0.1 /Scripts/com.js
INFO: [ app_init ] --START--
INFO: Run Behavior\BuildLiteBehavior [ RunTime:0.000012s ]
INFO: [ app_init ] --END-- [ RunTime:0.000375s ]
ERR: æ— æ³•åŠ è½½æ¨¡å—:Scripts

[ 2017-07-12T18:34:37+08:00 ] 127.0.0.1 /PublicScripts/swiper-2.1.min.js
INFO: [ app_init ] --START--
INFO: Run Behavior\BuildLiteBehavior [ RunTime:0.000014s ]
INFO: [ app_init ] --END-- [ RunTime:0.000496s ]
ERR: æ— æ³•åŠ è½½æ¨¡å—:PublicScripts

[ 2017-07-12T18:34:37+08:00 ] 127.0.0.1 /PublicScripts/lazyload.js
INFO: [ app_init ] --START--
INFO: Run Behavior\BuildLiteBehavior [ RunTime:0.000016s ]
INFO: [ app_init ] --END-- [ RunTime:0.000462s ]
ERR: æ— æ³•åŠ è½½æ¨¡å—:PublicScripts

[ 2017-07-12T18:34:37+08:00 ] 127.0.0.1 /Picture/app_04.png
INFO: [ app_init ] --START--
INFO: Run Behavior\BuildLiteBehavior [ RunTime:0.000017s ]
INFO: [ app_init ] --END-- [ RunTime:0.000478s ]
ERR: æ— æ³•åŠ è½½æ¨¡å—:Picture

[ 2017-07-12T18:34:37+08:00 ] 127.0.0.1 /Picture/app_02.png
INFO: [ app_init ] --START--
INFO: Run Behavior\BuildLiteBehavior [ RunTime:0.000018s ]
INFO: [ app_init ] --END-- [ RunTime:0.000522s ]
ERR: æ— æ³•åŠ è½½æ¨¡å—:Picture

[ 2017-07-12T18:34:37+08:00 ] 127.0.0.1 /Picture/app_03.png
INFO: [ app_init ] --START--
INFO: Run Behavior\BuildLiteBehavior [ RunTime:0.000017s ]
INFO: [ app_init ] --END-- [ RunTime:0.000488s ]
ERR: æ— æ³•åŠ è½½æ¨¡å—:Picture

[ 2017-07-12T18:34:37+08:00 ] 127.0.0.1 /Picture/app_01.png
INFO: [ app_init ] --START--
INFO: Run Behavior\BuildLiteBehavior [ RunTime:0.000017s ]
INFO: [ app_init ] --END-- [ RunTime:0.000502s ]
ERR: æ— æ³•åŠ è½½æ¨¡å—:Picture

[ 2017-07-12T18:34:37+08:00 ] 127.0.0.1 /Picture/loading.png
INFO: [ app_init ] --START--
INFO: Run Behavior\BuildLiteBehavior [ RunTime:0.000012s ]
INFO: [ app_init ] --END-- [ RunTime:0.000337s ]
ERR: æ— æ³•åŠ è½½æ¨¡å—:Picture

[ 2017-07-12T18:34:37+08:00 ] 127.0.0.1 /Scripts/com.js
INFO: [ app_init ] --START--
INFO: Run Behavior\BuildLiteBehavior [ RunTime:0.000012s ]
INFO: [ app_init ] --END-- [ RunTime:0.000360s ]
ERR: æ— æ³•åŠ è½½æ¨¡å—:Scripts

[ 2017-07-12T18:34:37+08:00 ] 127.0.0.1 /favicon.ico
INFO: [ app_init ] --START--
INFO: Run Behavior\BuildLiteBehavior [ RunTime:0.000016s ]
INFO: [ app_init ] --END-- [ RunTime:0.000443s ]
ERR: æ— æ³•åŠ è½½æ¨¡å—:Favicon

[ 2017-07-12T18:34:47+08:00 ] 127.0.0.1 /PublicCss/share.css
INFO: [ app_init ] --START--
INFO: Run Behavior\BuildLiteBehavior [ RunTime:0.000013s ]
INFO: [ app_init ] --END-- [ RunTime:0.000407s ]
ERR: æ— æ³•åŠ è½½æ¨¡å—:PublicCss

[ 2017-07-12T18:34:47+08:00 ] 127.0.0.1 /PublicScripts/jquery.js
INFO: [ app_init ] --START--
INFO: Run Behavior\BuildLiteBehavior [ RunTime:0.000017s ]
INFO: [ app_init ] --END-- [ RunTime:0.000505s ]
ERR: æ— æ³•åŠ è½½æ¨¡å—:PublicScripts

[ 2017-07-12T18:36:54+08:00 ] 127.0.0.1 /PublicScripts/jquery.js
INFO: [ app_init ] --START--
INFO: Run Behavior\BuildLiteBehavior [ RunTime:0.000012s ]
INFO: [ app_init ] --END-- [ RunTime:0.000374s ]
ERR: æ— æ³•åŠ è½½æ¨¡å—:PublicScripts

[ 2017-07-12T18:36:54+08:00 ] 127.0.0.1 /PublicScripts/swiper-2.1.min.js
INFO: [ app_init ] --START--
INFO: Run Behavior\BuildLiteBehavior [ RunTime:0.000013s ]
INFO: [ app_init ] --END-- [ RunTime:0.011800s ]
ERR: æ— æ³•åŠ è½½æ¨¡å—:PublicScripts

[ 2017-07-12T18:36:54+08:00 ] 127.0.0.1 /PublicCss/share.css
INFO: [ app_init ] --START--
INFO: Run Behavior\BuildLiteBehavior [ RunTime:0.000017s ]
INFO: [ app_init ] --END-- [ RunTime:0.000512s ]
ERR: æ— æ³•åŠ è½½æ¨¡å—:PublicCss

[ 2017-07-12T18:36:54+08:00 ] 127.0.0.1 /PublicScripts/jquery-1.10.1.min.js
INFO: [ app_init ] --START--
INFO: Run Behavior\BuildLiteBehavior [ RunTime:0.000016s ]
INFO: [ app_init ] --END-- [ RunTime:0.001350s ]
ERR: æ— æ³•åŠ è½½æ¨¡å—:PublicScripts

[ 2017-07-12T18:36:54+08:00 ] 127.0.0.1 /PublicScripts/lazyload.js
INFO: [ app_init ] --START--
INFO: Run Behavior\BuildLiteBehavior [ RunTime:0.000021s ]
INFO: [ app_init ] --END-- [ RunTime:0.000614s ]
ERR: æ— æ³•åŠ è½½æ¨¡å—:PublicScripts

[ 2017-07-12T18:36:54+08:00 ] 127.0.0.1 /PublicCss/public.css
INFO: [ app_init ] --START--
INFO: Run Behavior\BuildLiteBehavior [ RunTime:0.000015s ]
INFO: [ app_init ] --END-- [ RunTime:0.000512s ]
ERR: æ— æ³•åŠ è½½æ¨¡å—:PublicCss

[ 2017-07-12T18:36:54+08:00 ] 127.0.0.1 /Scripts/com.js
INFO: [ app_init ] --START--
INFO: Run Behavior\BuildLiteBehavior [ RunTime:0.000020s ]
INFO: [ app_init ] --END-- [ RunTime:0.000520s ]
ERR: æ— æ³•åŠ è½½æ¨¡å—:Scripts

[ 2017-07-12T18:36:54+08:00 ] 127.0.0.1 /PublicScripts/jquery-1.10.1.min.js
INFO: [ app_init ] --START--
INFO: Run Behavior\BuildLiteBehavior [ RunTime:0.000015s ]
INFO: [ app_init ] --END-- [ RunTime:0.000508s ]
ERR: æ— æ³•åŠ è½½æ¨¡å—:PublicScripts

[ 2017-07-12T18:36:54+08:00 ] 127.0.0.1 /Picture/app_01.png
INFO: [ app_init ] --START--
INFO: Run Behavior\BuildLiteBehavior [ RunTime:0.000017s ]
INFO: [ app_init ] --END-- [ RunTime:0.000512s ]
ERR: æ— æ³•åŠ è½½æ¨¡å—:Picture

[ 2017-07-12T18:36:54+08:00 ] 127.0.0.1 /PublicScripts/swiper-2.1.min.js
INFO: [ app_init ] --START--
INFO: Run Behavior\BuildLiteBehavior [ RunTime:0.000017s ]
INFO: [ app_init ] --END-- [ RunTime:0.000482s ]
ERR: æ— æ³•åŠ è½½æ¨¡å—:PublicScripts

[ 2017-07-12T18:36:54+08:00 ] 127.0.0.1 /Picture/app_02.png
INFO: [ app_init ] --START--
INFO: Run Behavior\BuildLiteBehavior [ RunTime:0.000023s ]
INFO: [ app_init ] --END-- [ RunTime:0.000591s ]
ERR: æ— æ³•åŠ è½½æ¨¡å—:Picture

[ 2017-07-12T18:36:54+08:00 ] 127.0.0.1 /PublicScripts/lazyload.js
INFO: [ app_init ] --START--
INFO: Run Behavior\BuildLiteBehavior [ RunTime:0.000018s ]
INFO: [ app_init ] --END-- [ RunTime:0.000632s ]
ERR: æ— æ³•åŠ è½½æ¨¡å—:PublicScripts

[ 2017-07-12T18:36:54+08:00 ] 127.0.0.1 /Picture/app_04.png
INFO: [ app_init ] --START--
INFO: Run Behavior\BuildLiteBehavior [ RunTime:0.000017s ]
INFO: [ app_init ] --END-- [ RunTime:0.000662s ]
ERR: æ— æ³•åŠ è½½æ¨¡å—:Picture

[ 2017-07-12T18:36:54+08:00 ] 127.0.0.1 /Scripts/com.js
INFO: [ app_init ] --START--
INFO: Run Behavior\BuildLiteBehavior [ RunTime:0.000016s ]
INFO: [ app_init ] --END-- [ RunTime:0.000489s ]
ERR: æ— æ³•åŠ è½½æ¨¡å—:Scripts

[ 2017-07-12T18:36:54+08:00 ] 127.0.0.1 /Picture/app_02.png
INFO: [ app_init ] --START--
INFO: Run Behavior\BuildLiteBehavior [ RunTime:0.000047s ]
INFO: [ app_init ] --END-- [ RunTime:0.001214s ]
ERR: æ— æ³•åŠ è½½æ¨¡å—:Picture

[ 2017-07-12T18:36:54+08:00 ] 127.0.0.1 /Picture/loading.png
INFO: [ app_init ] --START--
INFO: Run Behavior\BuildLiteBehavior [ RunTime:0.000027s ]
INFO: [ app_init ] --END-- [ RunTime:0.002513s ]
ERR: æ— æ³•åŠ è½½æ¨¡å—:Picture

[ 2017-07-12T18:36:54+08:00 ] 127.0.0.1 /Picture/app_03.png
INFO: [ app_init ] --START--
INFO: Run Behavior\BuildLiteBehavior [ RunTime:0.000027s ]
INFO: [ app_init ] --END-- [ RunTime:0.001073s ]
ERR: æ— æ³•åŠ è½½æ¨¡å—:Picture

[ 2017-07-12T18:36:54+08:00 ] 127.0.0.1 /Picture/app_01.png
INFO: [ app_init ] --START--
INFO: Run Behavior\BuildLiteBehavior [ RunTime:0.000048s ]
INFO: [ app_init ] --END-- [ RunTime:0.001311s ]
ERR: æ— æ³•åŠ è½½æ¨¡å—:Picture

[ 2017-07-12T18:36:55+08:00 ] 127.0.0.1 /PublicScripts/jquery-1.10.1.min.js
INFO: [ app_init ] --START--
INFO: Run Behavior\BuildLiteBehavior [ RunTime:0.000012s ]
INFO: [ app_init ] --END-- [ RunTime:0.000338s ]
ERR: æ— æ³•åŠ è½½æ¨¡å—:PublicScripts

[ 2017-07-12T18:36:55+08:00 ] 127.0.0.1 /PublicScripts/lazyload.js
INFO: [ app_init ] --START--
INFO: Run Behavior\BuildLiteBehavior [ RunTime:0.000015s ]
INFO: [ app_init ] --END-- [ RunTime:0.000476s ]
ERR: æ— æ³•åŠ è½½æ¨¡å—:PublicScripts

[ 2017-07-12T18:36:55+08:00 ] 127.0.0.1 /PublicCss/share.css
INFO: [ app_init ] --START--
INFO: Run Behavior\BuildLiteBehavior [ RunTime:0.000015s ]
INFO: [ app_init ] --END-- [ RunTime:0.000490s ]
ERR: æ— æ³•åŠ è½½æ¨¡å—:PublicCss

[ 2017-07-12T18:36:55+08:00 ] 127.0.0.1 /PublicScripts/swiper-2.1.min.js
INFO: [ app_init ] --START--
INFO: Run Behavior\BuildLiteBehavior [ RunTime:0.000013s ]
INFO: [ app_init ] --END-- [ RunTime:0.000609s ]
ERR: æ— æ³•åŠ è½½æ¨¡å—:PublicScripts

[ 2017-07-12T18:36:55+08:00 ] 127.0.0.1 /PublicCss/public.css
INFO: [ app_init ] --START--
INFO: Run Behavior\BuildLiteBehavior [ RunTime:0.000017s ]
INFO: [ app_init ] --END-- [ RunTime:0.000504s ]
ERR: æ— æ³•åŠ è½½æ¨¡å—:PublicCss

[ 2017-07-12T18:36:55+08:00 ] 127.0.0.1 /PublicScripts/jquery.js
INFO: [ app_init ] --START--
INFO: Run Behavior\BuildLiteBehavior [ RunTime:0.000059s ]
INFO: [ app_init ] --END-- [ RunTime:0.001228s ]
ERR: æ— æ³•åŠ è½½æ¨¡å—:PublicScripts

[ 2017-07-12T18:36:55+08:00 ] 127.0.0.1 /Scripts/com.js
INFO: [ app_init ] --START--
INFO: Run Behavior\BuildLiteBehavior [ RunTime:0.000012s ]
INFO: [ app_init ] --END-- [ RunTime:0.000364s ]
ERR: æ— æ³•åŠ è½½æ¨¡å—:Scripts

½½æ¨¡å—:PublicScripts

[ 2017-07-12T18:36:55+08:00 ] 127.0.0.1 /PublicScripts/swiper-2.1.min.js
INFO: [ app_init ] --START--
INFO: Run Behavior\BuildLiteBehavior [ RunTime:0.000013s ]
INFO: [ app_init ] --END-- [ RunTime:0.000363s ]
ERR: æ— æ³•åŠ è½½æ¨¡å—:PublicScripts

[ 2017-07-12T18:36:55+08:00 ] 127.0.0.1 /Picture/app_02.png
INFO: [ app_init ] --START--
INFO: Run Behavior\BuildLiteBehavior [ RunTime:0.000013s ]
INFO: [ app_init ] --END-- [ RunTime:0.000339s ]
ERR: æ— æ³•åŠ è½½æ¨¡å—:Picture

[ 2017-07-12T18:36:55+08:00 ] 127.0.0.1 /PublicScripts/lazyload.js
INFO: [ app_init ] --START--
INFO: Run Behavior\BuildLiteBehavior [ RunTime:0.000011s ]
INFO: [ app_init ] --END-- [ RunTime:0.000333s ]
ERR: æ— æ³•åŠ è½½æ¨¡å—:PublicScripts

[ 2017-07-12T18:36:55+08:00 ] 127.0.0.1 /Picture/app_03.png
INFO: [ app_init ] --START--
INFO: Run Behavior\BuildLiteBehavior [ RunTime:0.000016s ]
INFO: [ app_init ] --END-- [ RunTime:0.001181s ]
ERR: æ— æ³•åŠ è½½æ¨¡å—:Picture

[ 2017-07-12T18:36:55+08:00 ] 127.0.0.1 /Picture/app_02.png
INFO: [ app_init ] --START--
INFO: Run Behavior\BuildLiteBehavior [ RunTime:0.000015s ]
INFO: [ app_init ] --END-- [ RunTime:0.000625s ]
ERR: æ— æ³•åŠ è½½æ¨¡å—:Picture

[ 2017-07-12T18:36:55+08:00 ] 127.0.0.1 /Picture/loading.png
INFO: [ app_init ] --START--
INFO: Run Behavior\BuildLiteBehavior [ RunTime:0.000019s ]
INFO: [ app_init ] --END-- [ RunTime:0.000713s ]
ERR: æ— æ³•åŠ è½½æ¨¡å—:Picture

[ 2017-07-12T18:36:55+08:00 ] 127.0.0.1 /Scripts/com.js
INFO: [ app_init ] --START--
INFO: Run Behavior\BuildLiteBehavior [ RunTime:0.000030s ]
INFO: [ app_init ] --END-- [ RunTime:0.001076s ]
ERR: æ— æ³•åŠ è½½æ¨¡å—:Scripts

[ 2017-07-12T18:36:55+08:00 ] 127.0.0.1 /Picture/app_04.png
INFO: [ app_init ] --START--
INFO: Run Behavior\BuildLiteBehavior [ RunTime:0.000023s ]
INFO: [ app_init ] --END-- [ RunTime:0.001843s ]
ERR: æ— æ³•åŠ è½½æ¨¡å—:Picture

[ 2017-07-12T18:36:55+08:00 ] 127.0.0.1 /Picture/app_01.png
INFO: [ app_init ] --START--
INFO: Run Behavior\BuildLiteBehavior [ RunTime:0.000028s ]
INFO: [ app_init ] --END-- [ RunTime:0.000882s ]
ERR: æ— æ³•åŠ è½½æ¨¡å—:Picture

[ 2017-07-12T18:37:02+08:00 ] 127.0.0.1 /PublicScripts/jquery.js
INFO: [ app_init ] --START--
INFO: Run Behavior\BuildLiteBehavior [ RunTime:0.000011s ]
INFO: [ app_init ] --END-- [ RunTime:0.000348s ]
ERR: æ— æ³•åŠ è½½æ¨¡å—:PublicScripts

[ 2017-07-12T18:37:02+08:00 ] 127.0.0.1 /PublicScripts/lazyload.js
INFO: [ app_init ] --START--
INFO: Run Behavior\BuildLiteBehavior [ RunTime:0.000012s ]
INFO: [ app_init ] --END-- [ RunTime:0.000345s ]
ERR: æ— æ³•åŠ è½½æ¨¡å—:PublicScripts

[ 2017-07-12T18:37:02+08:00 ] 127.0.0.1 /PublicScripts/jquery-1.10.1.min.js
INFO: [ app_init ] --START--
INFO: Run Behavior\BuildLiteBehavior [ RunTime:0.000017s ]
INFO: [ app_init ] --END-- [ RunTime:0.000873s ]
ERR: æ— æ³•åŠ è½½æ¨¡å—:PublicScripts

[ 2017-07-12T18:37:02+08:00 ] 127.0.0.1 /PublicCss/public.css
INFO: [ app_init ] --START--
INFO: Run Behavior\BuildLiteBehavior [ RunTime:0.000017s ]
INFO: [ app_init ] --END-- [ RunTime:0.000592s ]
ERR: æ— æ³•åŠ è½½æ¨¡å—:PublicCss

[ 2017-07-12T18:37:02+08:00 ] 127.0.0.1 /PublicCss/share.css
INFO: [ app_init ] --START--
INFO: Run Behavior\BuildLiteBehavior [ RunTime:0.000028s ]
INFO: [ app_init ] --END-- [ RunTime:0.001243s ]
ERR: æ— æ³•åŠ è½½æ¨¡å—:PublicCss

[ 2017-07-12T18:37:02+08:00 ] 127.0.0.1 /PublicScripts/swiper-2.1.min.js
INFO: [ app_init ] --START--
INFO: Run Behavior\BuildLiteBehavior [ RunTime:0.000020s ]
INFO: [ app_init ] --END-- [ RunTime:0.000881s ]
ERR: æ— æ³•åŠ è½½æ¨¡å—:PublicScripts

[ 2017-07-12T18:37:02+08:00 ] 127.0.0.1 /PublicScripts/jquery-1.10.1.min.js
INFO: [ app_init ] --START--
INFO: Run Behavior\BuildLiteBehavior [ RunTime:0.000011s ]
INFO: [ app_init ] --END-- [ RunTime:0.000339s ]
ERR: æ— æ³•åŠ è½½æ¨¡å—:PublicScripts

[ 2017-07-12T18:37:02+08:00 ] 127.0.0.1 /Scripts/com.js
INFO: [ app_init ] --START--
INFO: Run Behavior\BuildLiteBehavior [ RunTime:0.000010s ]
INFO: [ app_init ] --END-- [ RunTime:0.000340s ]
ERR: æ— æ³•åŠ è½½æ¨¡å—:Scripts

[ 2017-07-12T18:37:02+08:00 ] 127.0.0.1 /PublicScripts/swiper-2.1.min.js
INFO: [ app_init ] --START--
INFO: Run Behavior\BuildLiteBehavior [ RunTime:0.000011s ]
INFO: [ app_init ] --END-- [ RunTime:0.000329s ]
ERR: æ— æ³•åŠ è½½æ¨¡å—:PublicScripts

[ 2017-07-12T18:37:02+08:00 ] 127.0.0.1 /PublicScripts/lazyload.js
INFO: [ app_init ] --START--
INFO: Run Behavior\BuildLiteBehavior [ RunTime:0.000017s ]
INFO: [ app_init ] --END-- [ RunTime:0.000418s ]
ERR: æ— æ³•åŠ è½½æ¨¡å—:PublicScripts

[ 2017-07-12T18:37:02+08:00 ] 127.0.0.1 /Picture/loading.png
INFO: [ app_init ] --START--
INFO: Run Behavior\BuildLiteBehavior [ RunTime:0.000023s ]
INFO: [ app_init ] --END-- [ RunTime:0.000528s ]
ERR: æ— æ³•åŠ è½½æ¨¡å—:Picture

[ 2017-07-12T18:37:02+08:00 ] 127.0.0.1 /Scripts/com.js
INFO: [ app_init ] --START--
INFO: Run Behavior\BuildLiteBehavior [ RunTime:0.000012s ]
INFO: [ app_init ] --END-- [ RunTime:0.000321s ]
ERR: æ— æ³•åŠ è½½æ¨¡å—:Scripts

[ 2017-07-12T18:37:03+08:00 ] 127.0.0.1 /PublicScripts/swiper-2.1.min.js
INFO: [ app_init ] --START--
INFO: Run Behavior\BuildLiteBehavior [ RunTime:0.000012s ]
INFO: [ app_init ] --END-- [ RunTime:0.000344s ]
ERR: æ— æ³•åŠ è½½æ¨¡å—:PublicScripts

[ 2017-07-12T18:37:03+08:00 ] 127.0.0.1 /PublicScripts/lazyload.js
INFO: [ app_init ] --START--
INFO: Run Behavior\BuildLiteBehavior [ RunTime:0.000031s ]
INFO: [ app_init ] --END-- [ RunTime:0.000526s ]
ERR: æ— æ³•åŠ è½½æ¨¡å—:PublicScripts

[ 2017-07-12T18:37:03+08:00 ] 127.0.0.1 /PublicScripts/jquery-1.10.1.min.js
INFO: [ app_init ] --START--
INFO: Run Behavior\BuildLiteBehavior [ RunTime:0.000018s ]
INFO: [ app_init ] --END-- [ RunTime:0.000523s ]
ERR: æ— æ³•åŠ è½½æ¨¡å—:PublicScripts

[ 2017-07-12T18:37:03+08:00 ] 127.0.0.1 /PublicCss/share.css
INFO: [ app_init ] --START--
INFO: Run Behavior\BuildLiteBehavior [ RunTime:0.000016s ]
INFO: [ app_init ] --END-- [ RunTime:0.000557s ]
ERR: æ— æ³•åŠ è½½æ¨¡å—:PublicCss

[ 2017-07-12T18:37:03+08:00 ] 127.0.0.1 /PublicScripts/jquery.js
INFO: [ app_init ] --START--
INFO: Run Behavior\BuildLiteBehavior [ RunTime:0.000018s ]
INFO: [ app_init ] --END-- [ RunTime:0.000534s ]
ERR: æ— æ³•åŠ è½½æ¨¡å—:PublicScripts

[ 2017-07-12T18:37:03+08:00 ] 127.0.0.1 /PublicCss/public.css
INFO: [ app_init ] --START--
INFO: Run Behavior\BuildLiteBehavior [ RunTime:0.000020s ]
INFO: [ app_init ] --END-- [ RunTime:0.000552s ]
ERR: æ— æ³•åŠ è½½æ¨¡å—:PublicCss

[ 2017-07-12T18:37:03+08:00 ] 127.0.0.1 /Scripts/com.js
INFO: [ app_init ] --START--
INFO: Run Behavior\BuildLiteBehavior [ RunTime:0.000019s ]
INFO: [ app_init ] --END-- [ RunTime:0.000577s ]
ERR: æ— æ³•åŠ è½½æ¨¡å—:Scripts

[ 2017-07-12T18:37:03+08:00 ] 127.0.0.1 /PublicScripts/jquery-1.10.1.min.js
INFO: [ app_init ] --START--
INFO: Run Behavior\BuildLiteBehavior [ RunTime:0.000022s ]
INFO: [ app_init ] --END-- [ RunTime:0.000773s ]
ERR: æ— æ³•åŠ è½½æ¨¡å—:PublicScripts

[ 2017-07-12T18:37:03+08:00 ] 127.0.0.1 /Picture/loading.png
INFO: [ app_init ] --START--
INFO: Run Behavior\BuildLiteBehavior [ RunTime:0.000012s ]
INFO: [ app_init ] --END-- [ RunTime:0.000374s ]
ERR: æ— æ³•åŠ è½½æ¨¡å—:Picture

[ 2017-07-12T18:37:03+08:00 ] 127.0.0.1 /PublicScripts/swiper-2.1.min.js
INFO: [ app_init ] --START--
INFO: Run Behavior\BuildLiteBehavior [ RunTime:0.000017s ]
INFO: [ app_init ] --END-- [ RunTime:0.000563s ]
ERR: æ— æ³•åŠ è½½æ¨¡å—:PublicScripts

[ 2017-07-12T18:37:03+08:00 ] 127.0.0.1 /PublicScripts/lazyload.js
INFO: [ app_init ] --START--
INFO: Run Behavior\BuildLiteBehavior [ RunTime:0.000011s ]
INFO: [ app_init ] --END-- [ RunTime:0.000352s ]
ERR: æ— æ³•åŠ è½½æ¨¡å—:PublicScripts

[ 2017-07-12T18:37:03+08:00 ] 127.0.0.1 /Picture/loading.png
INFO: [ app_init ] --START--
INFO: Run Behavior\BuildLiteBehavior [ RunTime:0.000013s ]
INFO: [ app_init ] --END-- [ RunTime:0.000379s ]
ERR: æ— æ³•åŠ è½½æ¨¡å—:Picture

[ 2017-07-12T18:37:03+08:00 ] 127.0.0.1 /Scripts/com.js
INFO: [ app_init ] --START--
INFO: Run Behavior\BuildLiteBehavior [ RunTime:0.000016s ]
INFO: [ app_init ] --END-- [ RunTime:0.000403s ]
ERR: æ— æ³•åŠ è½½æ¨¡å—:Scripts

[ 2017-07-12T18:38:04+08:00 ] 127.0.0.1 /PublicScripts/swiper-2.1.min.js
INFO: [ app_init ] --START--
INFO: Run Behavior\BuildLiteBehavior [ RunTime:0.000020s ]
INFO: [ app_init ] --END-- [ RunTime:0.000547s ]
ERR: æ— æ³•åŠ è½½æ¨¡å—:PublicScripts

[ 2017-07-12T18:38:04+08:00 ] 127.0.0.1 /PublicScripts/lazyload.js
INFO: [ app_init ] --START--
INFO: Run Behavior\BuildLiteBehavior [ RunTime:0.000012s ]
INFO: [ app_init ] --END-- [ RunTime:0.000358s ]
ERR: æ— æ³•åŠ è½½æ¨¡å—:PublicScripts

[ 2017-07-12T18:38:04+08:00 ] 127.0.0.1 /PublicCss/share.css
INFO: [ app_init ] --START--
INFO: Run Behavior\BuildLiteBehavior [ RunTime:0.000016s ]
INFO: [ app_init ] --END-- [ RunTime:0.000491s ]
ERR: æ— æ³•åŠ è½½æ¨¡å—:PublicCss

[ 2017-07-12T18:38:04+08:00 ] 127.0.0.1 /PublicScripts/jquery-1.10.1.min.js
INFO: [ app_init ] --START--
INFO: Run Behavior\BuildLiteBehavior [ RunTime:0.000014s ]
INFO: [ app_init ] --END-- [ RunTime:0.000529s ]
ERR: æ— æ³•åŠ è½½æ¨¡å—:PublicScripts

[ 2017-07-12T18:38:04+08:00 ] 127.0.0.1 /PublicCss/public.css
INFO: [ app_init ] --START--
INFO: Run Behavior\BuildLiteBehavior [ RunTime:0.000017s ]
INFO: [ app_init ] --END-- [ RunTime:0.000510s ]
ERR: æ— æ³•åŠ è½½æ¨¡å—:PublicCss

[ 2017-07-12T18:38:04+08:00 ] 127.0.0.1 /PublicScripts/jquery.js
INFO: [ app_init ] --START--
INFO: Run Behavior\BuildLiteBehavior [ RunTime:0.000016s ]
INFO: [ app_init ] --END-- [ RunTime:0.000520s ]
ERR: æ— æ³•åŠ è½½æ¨¡å—:PublicScripts

[ 2017-07-12T18:38:04+08:00 ] 127.0.0.1 /Scripts/com.js
INFO: [ app_init ] --START--
INFO: Run Behavior\BuildLiteBehavior [ RunTime:0.000016s ]
INFO: [ app_init ] --END-- [ RunTime:0.000485s ]
ERR: æ— æ³•åŠ è½½æ¨¡å—:Scripts

[ 2017-07-12T18:38:04+08:00 ] 127.0.0.1 /PublicScripts/jquery-1.10.1.min.js
INFO: [ app_init ] --START--
INFO: Run Behavior\BuildLiteBehavior [ RunTime:0.000017s ]
INFO: [ app_init ] --END-- [ RunTime:0.000519s ]
ERR: æ— æ³•åŠ è½½æ¨¡å—:PublicScripts

[ 2017-07-12T18:38:04+08:00 ] 127.0.0.1 /Picture/loading.png
INFO: [ app_init ] --START--
INFO: Run Behavior\BuildLiteBehavior [ RunTime:0.000016s ]
INFO: [ app_init ] --END-- [ RunTime:0.000504s ]
ERR: æ— æ³•åŠ è½½æ¨¡å—:Picture

[ 2017-07-12T18:38:04+08:00 ] 127.0.0.1 /PublicScripts/swiper-2.1.min.js
INFO: [ app_init ] --START--
INFO: Run Behavior\BuildLiteBehavior [ RunTime:0.000012s ]
INFO: [ app_init ] --END-- [ RunTime:0.000362s ]
ERR: æ— æ³•åŠ è½½æ¨¡å—:PublicScripts

[ 2017-07-12T18:38:04+08:00 ] 127.0.0.1 /PublicScripts/lazyload.js
INFO: [ app_init ] --START--
INFO: Run Behavior\BuildLiteBehavior [ RunTime:0.000019s ]
INFO: [ app_init ] --END-- [ RunTime:0.000516s ]
ERR: æ— æ³•åŠ è½½æ¨¡å—:PublicScripts

[ 2017-07-12T18:38:04+08:00 ] 127.0.0.1 /Picture/loading.png
INFO: [ app_init ] --START--
INFO: Run Behavior\BuildLiteBehavior [ RunTime:0.000017s ]
INFO: [ app_init ] --END-- [ RunTime:0.000493s ]
ERR: æ— æ³•åŠ è½½æ¨¡å—:Picture

[ 2017-07-12T18:38:04+08:00 ] 127.0.0.1 /Scripts/com.js
INFO: [ app_init ] --START--
INFO: Run Behavior\BuildLiteBehavior [ RunTime:0.000019s ]
INFO: [ app_init ] --END-- [ RunTime:0.000575s ]
ERR: æ— æ³•åŠ è½½æ¨¡å—:Scripts

[ 2017-07-12T18:38:06+08:00 ] 127.0.0.1 /PublicCss/public.css
INFO: [ app_init ] --START--
INFO: Run Behavior\BuildLiteBehavior [ RunTime:0.000011s ]
INFO: [ app_init ] --END-- [ RunTime:0.000380s ]
ERR: æ— æ³•åŠ è½½æ¨¡å—:PublicCss

[ 2017-07-12T18:38:06+08:00 ] 127.0.0.1 /PublicScripts/swiper-2.1.min.js
INFO: [ app_init ] --START--
INFO: Run Behavior\BuildLiteBehavior [ RunTime:0.000012s ]
INFO: [ app_init ] --END-- [ RunTime:0.000382s ]
ERR: æ— æ³•åŠ è½½æ¨¡å—:PublicScripts

[ 2017-07-12T18:38:06+08:00 ] 127.0.0.1 /PublicScripts/jquery-1.10.1.min.js
INFO: [ app_init ] --START--
INFO: Run Behavior\BuildLiteBehavior [ RunTime:0.000017s ]
INFO: [ app_init ] --END-- [ RunTime:0.000521s ]
ERR: æ— æ³•åŠ è½½æ¨¡å—:PublicScripts

[ 2017-07-12T18:38:06+08:00 ] 127.0.0.1 /PublicCss/share.css
INFO: [ app_init ] --START--
INFO: Run Behavior\BuildLiteBehavior [ RunTime:0.000014s ]
INFO: [ app_init ] --END-- [ RunTime:0.001563s ]
ERR: æ— æ³•åŠ è½½æ¨¡å—:PublicCss

[ 2017-07-12T18:38:06+08:00 ] 127.0.0.1 /PublicScripts/jquery.js
INFO: [ app_init ] --START--
INFO: Run Behavior\BuildLiteBehavior [ RunTime:0.000017s ]
INFO: [ app_init ] --END-- [ RunTime:0.000484s ]
ERR: æ— æ³•åŠ è½½æ¨¡å—:PublicScripts

[ 2017-07-12T18:38:06+08:00 ] 127.0.0.1 /PublicScripts/lazyload.js
INFO: [ app_init ] --START--
INFO: Run Behavior\BuildLiteBehavior [ RunTime:0.000022s ]
INFO: [ app_init ] --END-- [ RunTime:0.000746s ]
ERR: æ— æ³•åŠ è½½æ¨¡å—:PublicScripts

[ 2017-07-12T18:38:06+08:00 ] 127.0.0.1 /Scripts/com.js
INFO: [ app_init ] --START--
INFO: Run Behavior\BuildLiteBehavior [ RunTime:0.000017s ]
INFO: [ app_init ] --END-- [ RunTime:0.000538s ]
ERR: æ— æ³•åŠ è½½æ¨¡å—:Scripts

[ 2017-07-12T18:38:06+08:00 ] 127.0.0.1 /PublicScripts/jquery-1.10.1.min.js
INFO: [ app_init ] --START--
INFO: Run Behavior\BuildLiteBehavior [ RunTime:0.000014s ]
INFO: [ app_init ] --END-- [ RunTime:0.000474s ]
ERR: æ— æ³•åŠ è½½æ¨¡å—:PublicScripts

[ 2017-07-12T18:38:06+08:00 ] 127.0.0.1 /Picture/loading.png
INFO: [ app_init ] --START--
INFO: Run Behavior\BuildLiteBehavior [ RunTime:0.000014s ]
INFO: [ app_init ] --END-- [ RunTime:0.000379s ]
ERR: æ— æ³•åŠ è½½æ¨¡å—:Picture

[ 2017-07-12T18:38:06+08:00 ] 127.0.0.1 /PublicScripts/swiper-2.1.min.js
INFO: [ app_init ] --START--
INFO: Run Behavior\BuildLiteBehavior [ RunTime:0.000012s ]
INFO: [ app_init ] --END-- [ RunTime:0.000395s ]
ERR: æ— æ³•åŠ è½½æ¨¡å—:PublicScripts

[ 2017-07-12T18:38:06+08:00 ] 127.0.0.1 /PublicScripts/lazyload.js
INFO: [ app_init ] --START--
INFO: Run Behavior\BuildLiteBehavior [ RunTime:0.000017s ]
INFO: [ app_init ] --END-- [ RunTime:0.000431s ]
ERR: æ— æ³•åŠ è½½æ¨¡å—:PublicScripts

[ 2017-07-12T18:38:06+08:00 ] 127.0.0.1 /Picture/loading.png
INFO: [ app_init ] --START--
INFO: Run Behavior\BuildLiteBehavior [ RunTime:0.000012s ]
INFO: [ app_init ] --END-- [ RunTime:0.000343s ]
ERR: æ— æ³•åŠ è½½æ¨¡å—:Picture

[ 2017-07-12T18:38:06+08:00 ] 127.0.0.1 /Scripts/com.js
INFO: [ app_init ] --START--
INFO: Run Behavior\BuildLiteBehavior [ RunTime:0.000013s ]
INFO: [ app_init ] --END-- [ RunTime:0.000412s ]
ERR: æ— æ³•åŠ è½½æ¨¡å—:Scripts

[ 2017-07-12T18:38:07+08:00 ] 127.0.0.1 /PublicScripts/jquery.js
INFO: [ app_init ] --START--
INFO: Run Behavior\BuildLiteBehavior [ RunTime:0.000017s ]
INFO: [ app_init ] --END-- [ RunTime:0.000511s ]
ERR: æ— æ³•åŠ è½½æ¨¡å—:PublicScripts

[ 2017-07-12T18:38:07+08:00 ] 127.0.0.1 /PublicScripts/swiper-2.1.min.js
INFO: [ app_init ] --START--
INFO: Run Behavior\BuildLiteBehavior [ RunTime:0.000017s ]
INFO: [ app_init ] --END-- [ RunTime:0.000461s ]
ERR: æ— æ³•åŠ è½½æ¨¡å—:PublicScripts

[ 2017-07-12T18:38:07+08:00 ] 127.0.0.1 /PublicCss/share.css
INFO: [ app_init ] --START--
INFO: Run Behavior\BuildLiteBehavior [ RunTime:0.000018s ]
INFO: [ app_init ] --END-- [ RunTime:0.000529s ]
ERR: æ— æ³•åŠ è½½æ¨¡å—:PublicCss

[ 2017-07-12T18:38:07+08:00 ] 127.0.0.1 /PublicCss/public.css
INFO: [ app_init ] --START--
INFO: Run Behavior\BuildLiteBehavior [ RunTime:0.000018s ]
INFO: [ app_init ] --END-- [ RunTime:0.000497s ]
ERR: æ— æ³•åŠ è½½æ¨¡å—:PublicCss

[ 2017-07-12T18:38:07+08:00 ] 127.0.0.1 /PublicScripts/jquery-1.10.1.min.js
INFO: [ app_init ] --START--
INFO: Run Behavior\BuildLiteBehavior [ RunTime:0.000012s ]
INFO: [ app_init ] --END-- [ RunTime:0.000338s ]
ERR: æ— æ³•åŠ è½½æ¨¡å—:PublicScripts

[ 2017-07-12T18:38:07+08:00 ] 127.0.0.1 /PublicScripts/lazyload.js
INFO: [ app_init ] --START--
INFO: Run Behavior\BuildLiteBehavior [ RunTime:0.000019s ]
INFO: [ app_init ] --END-- [ RunTime:0.000523s ]
ERR: æ— æ³•åŠ è½½æ¨¡å—:PublicScripts

[ 2017-07-12T18:38:07+08:00 ] 127.0.0.1 /Scripts/com.js
INFO: [ app_init ] --START--
INFO: Run Behavior\BuildLiteBehavior [ RunTime:0.000012s ]
INFO: [ app_init ] --END-- [ RunTime:0.000342s ]
ERR: æ— æ³•åŠ è½½æ¨¡å—:Scripts

[ 2017-07-12T18:38:07+08:00 ] 127.0.0.1 /PublicScripts/swiper-2.1.min.js
INFO: [ app_init ] --START--
INFO: Run Behavior\BuildLiteBehavior [ RunTime:0.000011s ]
INFO: [ app_init ] --END-- [ RunTime:0.000344s ]
ERR: æ— æ³•åŠ è½½æ¨¡å—:PublicScripts

[ 2017-07-12T18:38:07+08:00 ] 127.0.0.1 /PublicScripts/lazyload.js
INFO: [ app_init ] --START--
INFO: Run Behavior\BuildLiteBehavior [ RunTime:0.000012s ]
INFO: [ app_init ] --END-- [ RunTime:0.000346s ]
ERR: æ— æ³•åŠ è½½æ¨¡å—:PublicScripts

[ 2017-07-12T18:38:07+08:00 ] 127.0.0.1 /Scripts/com.js
INFO: [ app_init ] --START--
INFO: Run Behavior\BuildLiteBehavior [ RunTime:0.000013s ]
INFO: [ app_init ] --END-- [ RunTime:0.000326s ]
ERR: æ— æ³•åŠ è½½æ¨¡å—:Scripts

[ 2017-07-12T18:38:57+08:00 ] 127.0.0.1 /PublicCss/public.css
INFO: [ app_init ] --START--
INFO: Run Behavior\BuildLiteBehavior [ RunTime:0.000021s ]
INFO: [ app_init ] --END-- [ RunTime:0.003291s ]
ERR: æ— æ³•åŠ è½½æ¨¡å—:PublicCss

[ 2017-07-12T18:38:57+08:00 ] 127.0.0.1 /PublicScripts/swiper-2.1.min.js
INFO: [ app_init ] --START--
INFO: Run Behavior\BuildLiteBehavior [ RunTime:0.000016s ]
INFO: [ app_init ] --END-- [ RunTime:0.000518s ]
ERR: æ— æ³•åŠ è½½æ¨¡å—:PublicScripts

[ 2017-07-12T18:38:57+08:00 ] 127.0.0.1 /PublicCss/share.css
INFO: [ app_init ] --START--
INFO: Run Behavior\BuildLiteBehavior [ RunTime:0.000021s ]
INFO: [ app_init ] --END-- [ RunTime:0.007076s ]
ERR: æ— æ³•åŠ è½½æ¨¡å—:PublicCss

[ 2017-07-12T18:38:57+08:00 ] 127.0.0.1 /PublicScripts/lazyload.js
INFO: [ app_init ] --START--
INFO: Run Behavior\BuildLiteBehavior [ RunTime:0.000020s ]
INFO: [ app_init ] --END-- [ RunTime:0.000607s ]
ERR: æ— æ³•åŠ è½½æ¨¡å—:PublicScripts

[ 2017-07-12T18:38:57+08:00 ] 127.0.0.1 /PublicScripts/jquery-1.10.1.min.js
INFO: [ app_init ] --START--
INFO: Run Behavior\BuildLiteBehavior [ RunTime:0.000017s ]
INFO: [ app_init ] --END-- [ RunTime:0.000469s ]
ERR: æ— æ³•åŠ è½½æ¨¡å—:PublicScripts

[ 2017-07-12T18:38:57+08:00 ] 127.0.0.1 /PublicScripts/jquery.js
INFO: [ app_init ] --START--
INFO: Run Behavior\BuildLiteBehavior [ RunTime:0.000015s ]
INFO: [ app_init ] --END-- [ RunTime:0.000522s ]
ERR: æ— æ³•åŠ è½½æ¨¡å—:PublicScripts

[ 2017-07-12T18:38:57+08:00 ] 127.0.0.1 /Scripts/com.js
INFO: [ app_init ] --START--
INFO: Run Behavior\BuildLiteBehavior [ RunTime:0.000012s ]
INFO: [ app_init ] --END-- [ RunTime:0.000333s ]
ERR: æ— æ³•åŠ è½½æ¨¡å—:Scripts

[ 2017-07-12T18:38:57+08:00 ] 127.0.0.1 /PublicScripts/jquery-1.10.1.min.js
INFO: [ app_init ] --START--
INFO: Run Behavior\BuildLiteBehavior [ RunTime:0.000012s ]
INFO: [ app_init ] --END-- [ RunTime:0.000398s ]
ERR: æ— æ³•åŠ è½½æ¨¡å—:PublicScripts

[ 2017-07-12T18:38:57+08:00 ] 127.0.0.1 /Picture/loading.png
INFO: [ app_init ] --START--
INFO: Run Behavior\BuildLiteBehavior [ RunTime:0.000012s ]
INFO: [ app_init ] --END-- [ RunTime:0.000341s ]
ERR: æ— æ³•åŠ è½½æ¨¡å—:Picture

[ 2017-07-12T18:38:57+08:00 ] 127.0.0.1 /PublicScripts/swiper-2.1.min.js
INFO: [ app_init ] --START--
INFO: Run Behavior\BuildLiteBehavior [ RunTime:0.000012s ]
INFO: [ app_init ] --END-- [ RunTime:0.000339s ]
ERR: æ— æ³•åŠ è½½æ¨¡å—:PublicScripts

[ 2017-07-12T18:38:57+08:00 ] 127.0.0.1 /PublicScripts/lazyload.js
INFO: [ app_init ] --START--
INFO: Run Behavior\BuildLiteBehavior [ RunTime:0.000013s ]
INFO: [ app_init ] --END-- [ RunTime:0.000388s ]
ERR: æ— æ³•åŠ è½½æ¨¡å—:PublicScripts

[ 2017-07-12T18:38:57+08:00 ] 127.0.0.1 /Picture/loading.png
INFO: [ app_init ] --START--
INFO: Run Behavior\BuildLiteBehavior [ RunTime:0.000023s ]
INFO: [ app_init ] --END-- [ RunTime:0.000619s ]
ERR: æ— æ³•åŠ è½½æ¨¡å—:Picture

[ 2017-07-12T18:38:57+08:00 ] 127.0.0.1 /Scripts/com.js
INFO: [ app_init ] --START--
INFO: Run Behavior\BuildLiteBehavior [ RunTime:0.000014s ]
INFO: [ app_init ] --END-- [ RunTime:0.000400s ]
ERR: æ— æ³•åŠ è½½æ¨¡å—:Scripts

[ 2017-07-12T18:39:38+08:00 ] 127.0.0.1 /PublicScripts/swiper-2.1.min.js
INFO: [ app_init ] --START--
INFO: Run Behavior\BuildLiteBehavior [ RunTime:0.000010s ]
INFO: [ app_init ] --END-- [ RunTime:0.000328s ]
ERR: æ— æ³•åŠ è½½æ¨¡å—:PublicScripts

[ 2017-07-12T18:39:38+08:00 ] 127.0.0.1 /PublicScripts/jquery-1.10.1.min.js
INFO: [ app_init ] --START--
INFO: Run Behavior\BuildLiteBehavior [ RunTime:0.000018s ]
INFO: [ app_init ] --END-- [ RunTime:0.000509s ]
ERR: æ— æ³•åŠ è½½æ¨¡å—:PublicScripts

[ 2017-07-12T18:39:38+08:00 ] 127.0.0.1 /PublicCss/public.css
INFO: [ app_init ] --START--
INFO: Run Behavior\BuildLiteBehavior [ RunTime:0.000017s ]
INFO: [ app_init ] --END-- [ RunTime:0.000520s ]
ERR: æ— æ³•åŠ è½½æ¨¡å—:PublicCss

[ 2017-07-12T18:39:38+08:00 ] 127.0.0.1 /PublicCss/share.css
INFO: [ app_init ] --START--
INFO: Run Behavior\BuildLiteBehavior [ RunTime:0.000015s ]
INFO: [ app_init ] --END-- [ RunTime:0.000812s ]
ERR: æ— æ³•åŠ è½½æ¨¡å—:PublicCss

[ 2017-07-12T18:39:38+08:00 ] 127.0.0.1 /PublicScripts/lazyload.js
INFO: [ app_init ] --START--
INFO: Run Behavior\BuildLiteBehavior [ RunTime:0.000036s ]
INFO: [ app_init ] --END-- [ RunTime:0.000494s ]
ERR: æ— æ³•åŠ è½½æ¨¡å—:PublicScripts

[ 2017-07-12T18:39:38+08:00 ] 127.0.0.1 /PublicScripts/jquery.js
INFO: [ app_init ] --START--
INFO: Run Behavior\BuildLiteBehavior [ RunTime:0.000012s ]
INFO: [ app_init ] --END-- [ RunTime:0.000847s ]
ERR: æ— æ³•åŠ è½½æ¨¡å—:PublicScripts

[ 2017-07-12T18:39:38+08:00 ] 127.0.0.1 /Scripts/com.js
INFO: [ app_init ] --START--
INFO: Run Behavior\BuildLiteBehavior [ RunTime:0.000017s ]
INFO: [ app_init ] --END-- [ RunTime:0.000516s ]
ERR: æ— æ³•åŠ è½½æ¨¡å—:Scripts

[ 2017-07-12T18:39:38+08:00 ] 127.0.0.1 /PublicScripts/jquery-1.10.1.min.js
INFO: [ app_init ] --START--
INFO: Run Behavior\BuildLiteBehavior [ RunTime:0.000020s ]
INFO: [ app_init ] --END-- [ RunTime:0.000562s ]
ERR: æ— æ³•åŠ è½½æ¨¡å—:PublicScripts

[ 2017-07-12T18:39:38+08:00 ] 127.0.0.1 /Picture/loading.png
INFO: [ app_init ] --START--
INFO: Run Behavior\BuildLiteBehavior [ RunTime:0.000016s ]
INFO: [ app_init ] --END-- [ RunTime:0.000513s ]
ERR: æ— æ³•åŠ è½½æ¨¡å—:Picture

[ 2017-07-12T18:39:38+08:00 ] 127.0.0.1 /PublicScripts/swiper-2.1.min.js
INFO: [ app_init ] --START--
INFO: Run Behavior\BuildLiteBehavior [ RunTime:0.000013s ]
INFO: [ app_init ] --END-- [ RunTime:0.000391s ]
ERR: æ— æ³•åŠ è½½æ¨¡å—:PublicScripts

[ 2017-07-12T18:39:38+08:00 ] 127.0.0.1 /PublicScripts/lazyload.js
INFO: [ app_init ] --START--
INFO: Run Behavior\BuildLiteBehavior [ RunTime:0.000012s ]
INFO: [ app_init ] --END-- [ RunTime:0.000359s ]
ERR: æ— æ³•åŠ è½½æ¨¡å—:PublicScripts

[ 2017-07-12T18:39:38+08:00 ] 127.0.0.1 /Picture/loading.png
INFO: [ app_init ] --START--
INFO: Run Behavior\BuildLiteBehavior [ RunTime:0.000020s ]
INFO: [ app_init ] --END-- [ RunTime:0.000598s ]
ERR: æ— æ³•åŠ è½½æ¨¡å—:Picture

[ 2017-07-12T18:39:38+08:00 ] 127.0.0.1 /Scripts/com.js
INFO: [ app_init ] --START--
INFO: Run Behavior\BuildLiteBehavior [ RunTime:0.000019s ]
INFO: [ app_init ] --END-- [ RunTime:0.000531s ]
ERR: æ— æ³•åŠ è½½æ¨¡å—:Scripts

[ 2017-07-12T18:39:39+08:00 ] 127.0.0.1 /PublicCss/share.css
INFO: [ app_init ] --START--
INFO: Run Behavior\BuildLiteBehavior [ RunTime:0.000011s ]
INFO: [ app_init ] --END-- [ RunTime:0.000338s ]
ERR: æ— æ³•åŠ è½½æ¨¡å—:PublicCss

[ 2017-07-12T18:39:39+08:00 ] 127.0.0.1 /PublicCss/public.css
INFO: [ app_init ] --START--
INFO: Run Behavior\BuildLiteBehavior [ RunTime:0.000010s ]
INFO: [ app_init ] --END-- [ RunTime:0.000330s ]
ERR: æ— æ³•åŠ è½½æ¨¡å—:PublicCss

[ 2017-07-12T18:39:39+08:00 ] 127.0.0.1 /PublicScripts/jquery-1.10.1.min.js
INFO: [ app_init ] --START--
INFO: Run Behavior\BuildLiteBehavior [ RunTime:0.000011s ]
INFO: [ app_init ] --END-- [ RunTime:0.000425s ]
ERR: æ— æ³•åŠ è½½æ¨¡å—:PublicScripts

[ 2017-07-12T18:39:39+08:00 ] 127.0.0.1 /PublicScripts/swiper-2.1.min.js
INFO: [ app_init ] --START--
INFO: Run Behavior\BuildLiteBehavior [ RunTime:0.000016s ]
INFO: [ app_init ] --END-- [ RunTime:0.000519s ]
ERR: æ— æ³•åŠ è½½æ¨¡å—:PublicScripts

[ 2017-07-12T18:39:39+08:00 ] 127.0.0.1 /PublicScripts/jquery.js
INFO: [ app_init ] --START--
INFO: Run Behavior\BuildLiteBehavior [ RunTime:0.000015s ]
INFO: [ app_init ] --END-- [ RunTime:0.000508s ]
ERR: æ— æ³•åŠ è½½æ¨¡å—:PublicScripts

[ 2017-07-12T18:39:39+08:00 ] 127.0.0.1 /PublicScripts/lazyload.js
INFO: [ app_init ] --START--
INFO: Run Behavior\BuildLiteBehavior [ RunTime:0.000014s ]
INFO: [ app_init ] --END-- [ RunTime:0.000444s ]
ERR: æ— æ³•åŠ è½½æ¨¡å—:PublicScripts

[ 2017-07-12T18:39:39+08:00 ] 127.0.0.1 /PublicScripts/jquery-1.10.1.min.js
INFO: [ app_init ] --START--
INFO: Run Behavior\BuildLiteBehavior [ RunTime:0.000011s ]
INFO: [ app_init ] --END-- [ RunTime:0.000361s ]
ERR: æ— æ³•åŠ è½½æ¨¡å—:PublicScripts

[ 2017-07-12T18:39:39+08:00 ] 127.0.0.1 /Scripts/com.js
INFO: [ app_init ] --START--
INFO: Run Behavior\BuildLiteBehavior [ RunTime:0.000011s ]
INFO: [ app_init ] --END-- [ RunTime:0.000345s ]
ERR: æ— æ³•åŠ è½½æ¨¡å—:Scripts

[ 2017-07-12T18:39:39+08:00 ] 127.0.0.1 /Picture/loading.png
INFO: [ app_init ] --START--
INFO: Run Behavior\BuildLiteBehavior [ RunTime:0.000017s ]
INFO: [ app_init ] --END-- [ RunTime:0.000479s ]
ERR: æ— æ³•åŠ è½½æ¨¡å—:Picture

[ 2017-07-12T18:39:39+08:00 ] 127.0.0.1 /PublicScripts/swiper-2.1.min.js
INFO: [ app_init ] --START--
INFO: Run Behavior\BuildLiteBehavior [ RunTime:0.000015s ]
INFO: [ app_init ] --END-- [ RunTime:0.000449s ]
ERR: æ— æ³•åŠ è½½æ¨¡å—:PublicScripts

[ 2017-07-12T18:39:39+08:00 ] 127.0.0.1 /PublicScripts/lazyload.js
INFO: [ app_init ] --START--
INFO: Run Behavior\BuildLiteBehavior [ RunTime:0.000012s ]
INFO: [ app_init ] --END-- [ RunTime:0.000333s ]
ERR: æ— æ³•åŠ è½½æ¨¡å—:PublicScripts

[ 2017-07-12T18:39:39+08:00 ] 127.0.0.1 /Picture/loading.png
INFO: [ app_init ] --START--
INFO: Run Behavior\BuildLiteBehavior [ RunTime:0.000020s ]
INFO: [ app_init ] --END-- [ RunTime:0.000496s ]
ERR: æ— æ³•åŠ è½½æ¨¡å—:Picture

[ 2017-07-12T18:39:39+08:00 ] 127.0.0.1 /Scripts/com.js
INFO: [ app_init ] --START--
INFO: Run Behavior\BuildLiteBehavior [ RunTime:0.000026s ]
INFO: [ app_init ] --END-- [ RunTime:0.000888s ]
ERR: æ— æ³•åŠ è½½æ¨¡å—:Scripts

[ 2017-07-12T18:40:25+08:00 ] 127.0.0.1 /PublicCss/share.css
INFO: [ app_init ] --START--
INFO: Run Behavior\BuildLiteBehavior [ RunTime:0.000016s ]
INFO: [ app_init ] --END-- [ RunTime:0.000545s ]
ERR: æ— æ³•åŠ è½½æ¨¡å—:PublicCss

[ 2017-07-12T18:40:25+08:00 ] 127.0.0.1 /PublicScripts/jquery.js
INFO: [ app_init ] --START--
INFO: Run Behavior\BuildLiteBehavior [ RunTime:0.000012s ]
INFO: [ app_init ] --END-- [ RunTime:0.000387s ]
ERR: æ— æ³•åŠ è½½æ¨¡å—:PublicScripts

[ 2017-07-12T18:40:25+08:00 ] 127.0.0.1 /PublicScripts/jquery-1.10.1.min.js
INFO: [ app_init ] --START--
INFO: Run Behavior\BuildLiteBehavior [ RunTime:0.000019s ]
INFO: [ app_init ] --END-- [ RunTime:0.000730s ]
ERR: æ— æ³•åŠ è½½æ¨¡å—:PublicScripts

[ 2017-07-12T18:40:25+08:00 ] 127.0.0.1 /PublicScripts/lazyload.js
INFO: [ app_init ] --START--
INFO: Run Behavior\BuildLiteBehavior [ RunTime:0.000040s ]
INFO: [ app_init ] --END-- [ RunTime:0.001529s ]
ERR: æ— æ³•åŠ è½½æ¨¡å—:PublicScripts

[ 2017-07-12T18:40:25+08:00 ] 127.0.0.1 /PublicCss/share.css
INFO: [ app_init ] --START--
INFO: Run Behavior\BuildLiteBehavior [ RunTime:0.000012s ]
INFO: [ app_init ] --END-- [ RunTime:0.000370s ]
ERR: æ— æ³•åŠ è½½æ¨¡å—:PublicCss

[ 2017-07-12T18:40:25+08:00 ] 127.0.0.1 /PublicScripts/jquery.js
INFO: [ app_init ] --START--
INFO: Run Behavior\BuildLiteBehavior [ RunTime:0.000018s ]
INFO: [ app_init ] --END-- [ RunTime:0.000548s ]
ERR: æ— æ³•åŠ è½½æ¨¡å—:PublicScripts

[ 2017-07-12T18:40:25+08:00 ] 127.0.0.1 /PublicCss/public.css
INFO: [ app_init ] --START--
INFO: Run Behavior\BuildLiteBehavior [ RunTime:0.000016s ]
INFO: [ app_init ] --END-- [ RunTime:0.000537s ]
ERR: æ— æ³•åŠ è½½æ¨¡å—:PublicCss

[ 2017-07-12T18:40:25+08:00 ] 127.0.0.1 /PublicScripts/swiper-2.1.min.js
INFO: [ app_init ] --START--
INFO: Run Behavior\BuildLiteBehavior [ RunTime:0.000016s ]
INFO: [ app_init ] --END-- [ RunTime:0.000484s ]
ERR: æ— æ³•åŠ è½½æ¨¡å—:PublicScripts

[ 2017-07-12T18:40:25+08:00 ] 127.0.0.1 /Scripts/com.js
INFO: [ app_init ] --START--
INFO: Run Behavior\BuildLiteBehavior [ RunTime:0.000014s ]
INFO: [ app_init ] --END-- [ RunTime:0.000436s ]
ERR: æ— æ³•åŠ è½½æ¨¡å—:Scripts

[ 2017-07-12T18:40:25+08:00 ] 127.0.0.1 /PublicScripts/jquery-1.10.1.min.js
INFO: [ app_init ] --START--
INFO: Run Behavior\BuildLiteBehavior [ RunTime:0.000018s ]
INFO: [ app_init ] --END-- [ RunTime:0.000490s ]
ERR: æ— æ³•åŠ è½½æ¨¡å—:PublicScripts

[ 2017-07-12T18:40:25+08:00 ] 127.0.0.1 /PublicScripts/swiper-2.1.min.js
INFO: [ app_init ] --START--
INFO: Run Behavior\BuildLiteBehavior [ RunTime:0.000011s ]
INFO: [ app_init ] --END-- [ RunTime:0.000323s ]
ERR: æ— æ³•åŠ è½½æ¨¡å—:PublicScripts

[ 2017-07-12T18:40:25+08:00 ] 127.0.0.1 /PublicScripts/lazyload.js
INFO: [ app_init ] --START--
INFO: Run Behavior\BuildLiteBehavior [ RunTime:0.000010s ]
INFO: [ app_init ] --END-- [ RunTime:0.000323s ]
ERR: æ— æ³•åŠ è½½æ¨¡å—:PublicScripts

[ 2017-07-12T18:40:25+08:00 ] 127.0.0.1 /Scripts/com.js
INFO: [ app_init ] --START--
INFO: Run Behavior\BuildLiteBehavior [ RunTime:0.000017s ]
INFO: [ app_init ] --END-- [ RunTime:0.000421s ]
ERR: æ— æ³•åŠ è½½æ¨¡å—:Scripts

[ 2017-07-12T18:40:52+08:00 ] 127.0.0.1 /PublicCss/share.css
INFO: [ app_init ] --START--
INFO: Run Behavior\BuildLiteBehavior [ RunTime:0.000012s ]
INFO: [ app_init ] --END-- [ RunTime:0.000367s ]
ERR: æ— æ³•åŠ è½½æ¨¡å—:PublicCss

[ 2017-07-12T18:40:53+08:00 ] 127.0.0.1 /PublicScripts/jquery.js
INFO: [ app_init ] --START--
INFO: Run Behavior\BuildLiteBehavior [ RunTime:0.000017s ]
INFO: [ app_init ] --END-- [ RunTime:0.000522s ]
ERR: æ— æ³•åŠ è½½æ¨¡å—:PublicScripts

[ 2017-07-12T18:40:53+08:00 ] 127.0.0.1 /PublicScripts/jquery-1.10.1.min.js
INFO: [ app_init ] --START--
INFO: Run Behavior\BuildLiteBehavior [ RunTime:0.000011s ]
INFO: [ app_init ] --END-- [ RunTime:0.000373s ]
ERR: æ— æ³•åŠ è½½æ¨¡å—:PublicScripts

[ 2017-07-12T18:40:53+08:00 ] 127.0.0.1 /PublicCss/share.css
INFO: [ app_init ] --START--
INFO: Run Behavior\BuildLiteBehavior [ RunTime:0.000011s ]
INFO: [ app_init ] --END-- [ RunTime:0.000551s ]
ERR: æ— æ³•åŠ è½½æ¨¡å—:PublicCss

[ 2017-07-12T18:40:53+08:00 ] 127.0.0.1 /PublicCss/public.css
INFO: [ app_init ] --START--
INFO: Run Behavior\BuildLiteBehavior [ RunTime:0.000011s ]
INFO: [ app_init ] --END-- [ RunTime:0.000546s ]
ERR: æ— æ³•åŠ è½½æ¨¡å—:PublicCss

[ 2017-07-12T18:40:53+08:00 ] 127.0.0.1 /PublicScripts/lazyload.js
INFO: [ app_init ] --START--
INFO: Run Behavior\BuildLiteBehavior [ RunTime:0.000051s ]
INFO: [ app_init ] --END-- [ RunTime:0.000728s ]
ERR: æ— æ³•åŠ è½½æ¨¡å—:PublicScripts

[ 2017-07-12T18:40:53+08:00 ] 127.0.0.1 /PublicScripts/swiper-2.1.min.js
INFO: [ app_init ] --START--
INFO: Run Behavior\BuildLiteBehavior [ RunTime:0.000019s ]
INFO: [ app_init ] --END-- [ RunTime:0.000576s ]
ERR: æ— æ³•åŠ è½½æ¨¡å—:PublicScripts

[ 2017-07-12T18:40:53+08:00 ] 127.0.0.1 /PublicScripts/jquery-1.10.1.min.js
INFO: [ app_init ] --START--
INFO: Run Behavior\BuildLiteBehavior [ RunTime:0.000015s ]
INFO: [ app_init ] --END-- [ RunTime:0.000459s ]
ERR: æ— æ³•åŠ è½½æ¨¡å—:PublicScripts

[ 2017-07-12T18:40:53+08:00 ] 127.0.0.1 /Scripts/com.js
INFO: [ app_init ] --START--
INFO: Run Behavior\BuildLiteBehavior [ RunTime:0.000013s ]
INFO: [ app_init ] --END-- [ RunTime:0.000399s ]
ERR: æ— æ³•åŠ è½½æ¨¡å—:Scripts

[ 2017-07-12T18:40:53+08:00 ] 127.0.0.1 /PublicScripts/swiper-2.1.min.js
INFO: [ app_init ] --START--
INFO: Run Behavior\BuildLiteBehavior [ RunTime:0.000012s ]
INFO: [ app_init ] --END-- [ RunTime:0.000329s ]
ERR: æ— æ³•åŠ è½½æ¨¡å—:PublicScripts

[ 2017-07-12T18:40:53+08:00 ] 127.0.0.1 /PublicScripts/lazyload.js
INFO: [ app_init ] --START--
INFO: Run Behavior\BuildLiteBehavior [ RunTime:0.000011s ]
INFO: [ app_init ] --END-- [ RunTime:0.000348s ]
ERR: æ— æ³•åŠ è½½æ¨¡å—:PublicScripts

[ 2017-07-12T18:40:53+08:00 ] 127.0.0.1 /Scripts/com.js
INFO: [ app_init ] --START--
INFO: Run Behavior\BuildLiteBehavior [ RunTime:0.000017s ]
INFO: [ app_init ] --END-- [ RunTime:0.000488s ]
ERR: æ— æ³•åŠ è½½æ¨¡å—:Scripts

[ 2017-07-12T18:40:57+08:00 ] 127.0.0.1 /PublicScripts/swiper-2.1.min.js
INFO: [ app_init ] --START--
INFO: Run Behavior\BuildLiteBehavior [ RunTime:0.000011s ]
INFO: [ app_init ] --END-- [ RunTime:0.000331s ]
ERR: æ— æ³•åŠ è½½æ¨¡å—:PublicScripts

[ 2017-07-12T18:40:57+08:00 ] 127.0.0.1 /PublicScripts/lazyload.js
INFO: [ app_init ] --START--
INFO: Run Behavior\BuildLiteBehavior [ RunTime:0.000018s ]
INFO: [ app_init ] --END-- [ RunTime:0.000530s ]
ERR: æ— æ³•åŠ è½½æ¨¡å—:PublicScripts

[ 2017-07-12T18:40:57+08:00 ] 127.0.0.1 /PublicScripts/jquery-1.10.1.min.js
INFO: [ app_init ] --START--
INFO: Run Behavior\BuildLiteBehavior [ RunTime:0.000017s ]
INFO: [ app_init ] --END-- [ RunTime:0.001405s ]
ERR: æ— æ³•åŠ è½½æ¨¡å—:PublicScripts

[ 2017-07-12T18:40:57+08:00 ] 127.0.0.1 /PublicCss/share.css
INFO: [ app_init ] --START--
INFO: Run Behavior\BuildLiteBehavior [ RunTime:0.000027s ]
INFO: [ app_init ] --END-- [ RunTime:0.000560s ]
ERR: æ— æ³•åŠ è½½æ¨¡å—:PublicCss

[ 2017-07-12T18:40:57+08:00 ] 127.0.0.1 /PublicScripts/jquery.js
INFO: [ app_init ] --START--
INFO: Run Behavior\BuildLiteBehavior [ RunTime:0.000037s ]
INFO: [ app_init ] --END-- [ RunTime:0.000734s ]
ERR: æ— æ³•åŠ è½½æ¨¡å—:PublicScripts

[ 2017-07-12T18:40:57+08:00 ] 127.0.0.1 /PublicCss/public.css
INFO: [ app_init ] --START--
INFO: Run Behavior\BuildLiteBehavior [ RunTime:0.000013s ]
INFO: [ app_init ] --END-- [ RunTime:0.000668s ]
ERR: æ— æ³•åŠ è½½æ¨¡å—:PublicCss

[ 2017-07-12T18:40:57+08:00 ] 127.0.0.1 /Scripts/com.js
INFO: [ app_init ] --START--
INFO: Run Behavior\BuildLiteBehavior [ RunTime:0.000013s ]
INFO: [ app_init ] --END-- [ RunTime:0.000339s ]
ERR: æ— æ³•åŠ è½½æ¨¡å—:Scripts

[ 2017-07-12T18:40:57+08:00 ] 127.0.0.1 /PublicScripts/jquery-1.10.1.min.js
INFO: [ app_init ] --START--
INFO: Run Behavior\BuildLiteBehavior [ RunTime:0.000012s ]
INFO: [ app_init ] --END-- [ RunTime:0.000386s ]
ERR: æ— æ³•åŠ è½½æ¨¡å—:PublicScripts

[ 2017-07-12T18:40:57+08:00 ] 127.0.0.1 /PublicScripts/swiper-2.1.min.js
INFO: [ app_init ] --START--
INFO: Run Behavior\BuildLiteBehavior [ RunTime:0.000011s ]
INFO: [ app_init ] --END-- [ RunTime:0.000386s ]
ERR: æ— æ³•åŠ è½½æ¨¡å—:PublicScripts

[ 2017-07-12T18:40:57+08:00 ] 127.0.0.1 /PublicScripts/lazyload.js
INFO: [ app_init ] --START--
INFO: Run Behavior\BuildLiteBehavior [ RunTime:0.000012s ]
INFO: [ app_init ] --END-- [ RunTime:0.000417s ]
ERR: æ— æ³•åŠ è½½æ¨¡å—:PublicScripts

[ 2017-07-12T18:40:57+08:00 ] 127.0.0.1 /Scripts/com.js
INFO: [ app_init ] --START--
INFO: Run Behavior\BuildLiteBehavior [ RunTime:0.000014s ]
INFO: [ app_init ] --END-- [ RunTime:0.000356s ]
ERR: æ— æ³•åŠ è½½æ¨¡å—:Scripts

[ 2017-07-12T18:43:01+08:00 ] 127.0.0.1 /Scripts/com.js
INFO: [ app_init ] --START--
INFO: Run Behavior\BuildLiteBehavior [ RunTime:0.000015s ]
INFO: [ app_init ] --END-- [ RunTime:0.000538s ]
ERR: æ— æ³•åŠ è½½æ¨¡å—:Scripts

[ 2017-07-12T18:43:01+08:00 ] 127.0.0.1 /Scripts/com.js
INFO: [ app_init ] --START--
INFO: Run Behavior\BuildLiteBehavior [ RunTime:0.000023s ]
INFO: [ app_init ] --END-- [ RunTime:0.000438s ]
ERR: æ— æ³•åŠ è½½æ¨¡å—:Scripts

[ 2017-07-12T18:43:01+08:00 ] 127.0.0.1 /Scripts/com.js
INFO: [ app_init ] --START--
INFO: Run Behavior\BuildLiteBehavior [ RunTime:0.000012s ]
INFO: [ app_init ] --END-- [ RunTime:0.000424s ]
ERR: æ— æ³•åŠ è½½æ¨¡å—:Scripts

[ 2017-07-12T18:43:02+08:00 ] 127.0.0.1 /Scripts/com.js
INFO: [ app_init ] --START--
INFO: Run Behavior\BuildLiteBehavior [ RunTime:0.000013s ]
INFO: [ app_init ] --END-- [ RunTime:0.000342s ]
ERR: æ— æ³•åŠ è½½æ¨¡å—:Scripts

[ 2017-07-12T18:43:02+08:00 ] 127.0.0.1 /Scripts/com.js
INFO: [ app_init ] --START--
INFO: Run Behavior\BuildLiteBehavior [ RunTime:0.000015s ]
INFO: [ app_init ] --END-- [ RunTime:0.000459s ]
ERR: æ— æ³•åŠ è½½æ¨¡å—:Scripts

[ 2017-07-12T18:43:02+08:00 ] 127.0.0.1 /Scripts/com.js
INFO: [ app_init ] --START--
INFO: Run Behavior\BuildLiteBehavior [ RunTime:0.000014s ]
INFO: [ app_init ] --END-- [ RunTime:0.000376s ]
ERR: æ— æ³•åŠ è½½æ¨¡å—:Scripts

[ 2017-07-12T18:43:05+08:00 ] 127.0.0.1 /Scripts/com.js
INFO: [ app_init ] --START--
INFO: Run Behavior\BuildLiteBehavior [ RunTime:0.000013s ]
INFO: [ app_init ] --END-- [ RunTime:0.000358s ]
ERR: æ— æ³•åŠ è½½æ¨¡å—:Scripts

[ 2017-07-12T18:43:05+08:00 ] 127.0.0.1 /Scripts/com.js
INFO: [ app_init ] --START--
INFO: Run Behavior\BuildLiteBehavior [ RunTime:0.000017s ]
INFO: [ app_init ] --END-- [ RunTime:0.000868s ]
ERR: æ— æ³•åŠ è½½æ¨¡å—:Scripts

[ 2017-07-12T18:44:07+08:00 ] 127.0.0.1 /Scripts/com.js
INFO: [ app_init ] --START--
INFO: Run Behavior\BuildLiteBehavior [ RunTime:0.000019s ]
INFO: [ app_init ] --END-- [ RunTime:0.000544s ]
ERR: æ— æ³•åŠ è½½æ¨¡å—:Scripts

[ 2017-07-12T18:44:07+08:00 ] 127.0.0.1 /Scripts/com.js
INFO: [ app_init ] --START--
INFO: Run Behavior\BuildLiteBehavior [ RunTime:0.000046s ]
INFO: [ app_init ] --END-- [ RunTime:0.000510s ]
ERR: æ— æ³•åŠ è½½æ¨¡å—:Scripts

[ 2017-07-12T18:44:31+08:00 ] 127.0.0.1 /Scripts/com.js
INFO: [ app_init ] --START--
INFO: Run Behavior\BuildLiteBehavior [ RunTime:0.000019s ]
INFO: [ app_init ] --END-- [ RunTime:0.000786s ]
ERR: æ— æ³•åŠ è½½æ¨¡å—:Scripts

[ 2017-07-12T18:44:39+08:00 ] 127.0.0.1 /Scripts/com.js
INFO: [ app_init ] --START--
INFO: Run Behavior\BuildLiteBehavior [ RunTime:0.000013s ]
INFO: [ app_init ] --END-- [ RunTime:0.000395s ]
ERR: æ— æ³•åŠ è½½æ¨¡å—:Scripts

[ 2017-07-12T18:44:39+08:00 ] 127.0.0.1 /Scripts/com.js
INFO: [ app_init ] --START--
INFO: Run Behavior\BuildLiteBehavior [ RunTime:0.000013s ]
INFO: [ app_init ] --END-- [ RunTime:0.000342s ]
ERR: æ— æ³•åŠ è½½æ¨¡å—:Scripts

[ 2017-07-12T18:44:57+08:00 ] 127.0.0.1 /Scripts/com.js
INFO: [ app_init ] --START--
INFO: Run Behavior\BuildLiteBehavior [ RunTime:0.000022s ]
INFO: [ app_init ] --END-- [ RunTime:0.000859s ]
ERR: æ— æ³•åŠ è½½æ¨¡å—:Scripts

[ 2017-07-12T18:44:57+08:00 ] 127.0.0.1 /Scripts/com.js
INFO: [ app_init ] --START--
INFO: Run Behavior\BuildLiteBehavior [ RunTime:0.000011s ]
INFO: [ app_init ] --END-- [ RunTime:0.000382s ]
ERR: æ— æ³•åŠ è½½æ¨¡å—:Scripts

[ 2017-07-12T18:46:24+08:00 ] 127.0.0.1 /Scripts/jquery.js
INFO: [ app_init ] --START--
INFO: Run Behavior\BuildLiteBehavior [ RunTime:0.000017s ]
INFO: [ app_init ] --END-- [ RunTime:0.000584s ]
ERR: æ— æ³•åŠ è½½æ¨¡å—:Scripts

[ 2017-07-12T18:46:24+08:00 ] 127.0.0.1 /Css/apply.css
INFO: [ app_init ] --START--
INFO: Run Behavior\BuildLiteBehavior [ RunTime:0.000017s ]
INFO: [ app_init ] --END-- [ RunTime:0.000553s ]
ERR: æ— æ³•åŠ è½½æ¨¡å—:Css

[ 2017-07-12T18:46:24+08:00 ] 127.0.0.1 /Css/bootstrap.min.css
INFO: [ app_init ] --START--
INFO: Run Behavior\BuildLiteBehavior [ RunTime:0.000018s ]
INFO: [ app_init ] --END-- [ RunTime:0.000567s ]
ERR: æ— æ³•åŠ è½½æ¨¡å—:Css

[ 2017-07-12T18:46:24+08:00 ] 127.0.0.1 /Scripts/swiper-2.1.min.js
INFO: [ app_init ] --START--
INFO: Run Behavior\BuildLiteBehavior [ RunTime:0.000017s ]
INFO: [ app_init ] --END-- [ RunTime:0.000574s ]
ERR: æ— æ³•åŠ è½½æ¨¡å—:Scripts

[ 2017-07-12T18:46:24+08:00 ] 127.0.0.1 /Scripts/lazyload.js
INFO: [ app_init ] --START--
INFO: Run Behavior\BuildLiteBehavior [ RunTime:0.000020s ]
INFO: [ app_init ] --END-- [ RunTime:0.001152s ]
ERR: æ— æ³•åŠ è½½æ¨¡å—:Scripts

[ 2017-07-12T18:46:24+08:00 ] 127.0.0.1 /Scripts/jquery-1.10.1.min.js
INFO: [ app_init ] --START--
INFO: Run Behavior\BuildLiteBehavior [ RunTime:0.000019s ]
INFO: [ app_init ] --END-- [ RunTime:0.000592s ]
ERR: æ— æ³•åŠ è½½æ¨¡å—:Scripts

[ 2017-07-12T18:46:24+08:00 ] 127.0.0.1 /Scripts/com.js
INFO: [ app_init ] --START--
INFO: Run Behavior\BuildLiteBehavior [ RunTime:0.000015s ]
INFO: [ app_init ] --END-- [ RunTime:0.000501s ]
ERR: æ— æ³•åŠ è½½æ¨¡å—:Scripts

[ 2017-07-12T18:46:24+08:00 ] 127.0.0.1 /Scripts/swiper-2.1.min.js
INFO: [ app_init ] --START--
INFO: Run Behavior\BuildLiteBehavior [ RunTime:0.000017s ]
INFO: [ app_init ] --END-- [ RunTime:0.000489s ]
ERR: æ— æ³•åŠ è½½æ¨¡å—:Scripts

[ 2017-07-12T18:46:24+08:00 ] 127.0.0.1 /Scripts/lazyload.js
INFO: [ app_init ] --START--
INFO: Run Behavior\BuildLiteBehavior [ RunTime:0.000024s ]
INFO: [ app_init ] --END-- [ RunTime:0.000514s ]
ERR: æ— æ³•åŠ è½½æ¨¡å—:Scripts

[ 2017-07-12T18:46:24+08:00 ] 127.0.0.1 /Css/bootstrap.min.css
INFO: [ app_init ] --START--
INFO: Run Behavior\BuildLiteBehavior [ RunTime:0.000021s ]
INFO: [ app_init ] --END-- [ RunTime:0.000626s ]
ERR: æ— æ³•åŠ è½½æ¨¡å—:Css

[ 2017-07-12T18:46:24+08:00 ] 127.0.0.1 /Scripts/com.js
INFO: [ app_init ] --START--
INFO: Run Behavior\BuildLiteBehavior [ RunTime:0.000010s ]
INFO: [ app_init ] --END-- [ RunTime:0.000333s ]
ERR: æ— æ³•åŠ è½½æ¨¡å—:Scripts

[ 2017-07-12T18:47:41+08:00 ] 127.0.0.1 /Scripts/jquery-1.10.1.min.js
INFO: [ app_init ] --START--
INFO: Run Behavior\BuildLiteBehavior [ RunTime:0.000011s ]
INFO: [ app_init ] --END-- [ RunTime:0.000477s ]
ERR: æ— æ³•åŠ è½½æ¨¡å—:Scripts

[ 2017-07-12T18:47:41+08:00 ] 127.0.0.1 /Css/bootstrap.min.css
INFO: [ app_init ] --START--
INFO: Run Behavior\BuildLiteBehavior [ RunTime:0.000017s ]
INFO: [ app_init ] --END-- [ RunTime:0.000540s ]
ERR: æ— æ³•åŠ è½½æ¨¡å—:Css

[ 2017-07-12T18:47:41+08:00 ] 127.0.0.1 /Scripts/jquery.js
INFO: [ app_init ] --START--
INFO: Run Behavior\BuildLiteBehavior [ RunTime:0.000015s ]
INFO: [ app_init ] --END-- [ RunTime:0.000470s ]
ERR: æ— æ³•åŠ è½½æ¨¡å—:Scripts

[ 2017-07-12T18:47:41+08:00 ] 127.0.0.1 /Css/apply.css
INFO: [ app_init ] --START--
INFO: Run Behavior\BuildLiteBehavior [ RunTime:0.000018s ]
INFO: [ app_init ] --END-- [ RunTime:0.000519s ]
ERR: æ— æ³•åŠ è½½æ¨¡å—:Css

[ 2017-07-12T18:47:41+08:00 ] 127.0.0.1 /Scripts/swiper-2.1.min.js
INFO: [ app_init ] --START--
INFO: Run Behavior\BuildLiteBehavior [ RunTime:0.000081s ]
INFO: [ app_init ] --END-- [ RunTime:0.000972s ]
ERR: æ— æ³•åŠ è½½æ¨¡å—:Scripts

[ 2017-07-12T18:47:41+08:00 ] 127.0.0.1 /Scripts/com.js
INFO: [ app_init ] --START--
INFO: Run Behavior\BuildLiteBehavior [ RunTime:0.000018s ]
INFO: [ app_init ] --END-- [ RunTime:0.000441s ]
ERR: æ— æ³•åŠ è½½æ¨¡å—:Scripts

[ 2017-07-12T18:47:41+08:00 ] 127.0.0.1 /Scripts/lazyload.js
INFO: [ app_init ] --START--
INFO: Run Behavior\BuildLiteBehavior [ RunTime:0.000013s ]
INFO: [ app_init ] --END-- [ RunTime:0.000355s ]
ERR: æ— æ³•åŠ è½½æ¨¡å—:Scripts

[ 2017-07-12T18:47:41+08:00 ] 127.0.0.1 /Scripts/jquery-1.10.1.min.js
INFO: [ app_init ] --START--
INFO: Run Behavior\BuildLiteBehavior [ RunTime:0.000012s ]
INFO: [ app_init ] --END-- [ RunTime:0.000328s ]
ERR: æ— æ³•åŠ è½½æ¨¡å—:Scripts

[ 2017-07-12T18:47:41+08:00 ] 127.0.0.1 /Scripts/swiper-2.1.min.js
INFO: [ app_init ] --START--
INFO: Run Behavior\BuildLiteBehavior [ RunTime:0.000012s ]
INFO: [ app_init ] --END-- [ RunTime:0.000443s ]
ERR: æ— æ³•åŠ è½½æ¨¡å—:Scripts

[ 2017-07-12T18:47:41+08:00 ] 127.0.0.1 /Scripts/lazyload.js
INFO: [ app_init ] --START--
INFO: Run Behavior\BuildLiteBehavior [ RunTime:0.000012s ]
INFO: [ app_init ] --END-- [ RunTime:0.000398s ]
ERR: æ— æ³•åŠ è½½æ¨¡å—:Scripts

[ 2017-07-12T18:47:41+08:00 ] 127.0.0.1 /Css/bootstrap.min.css
INFO: [ app_init ] --START--
INFO: Run Behavior\BuildLiteBehavior [ RunTime:0.000011s ]
INFO: [ app_init ] --END-- [ RunTime:0.000336s ]
ERR: æ— æ³•åŠ è½½æ¨¡å—:Css

[ 2017-07-12T18:47:41+08:00 ] 127.0.0.1 /Scripts/com.js
INFO: [ app_init ] --START--
INFO: Run Behavior\BuildLiteBehavior [ RunTime:0.000021s ]
INFO: [ app_init ] --END-- [ RunTime:0.000584s ]
ERR: æ— æ³•åŠ è½½æ¨¡å—:Scripts

[ 2017-07-12T18:47:44+08:00 ] 127.0.0.1 /Scripts/jquery-1.10.1.min.js
INFO: [ app_init ] --START--
INFO: Run Behavior\BuildLiteBehavior [ RunTime:0.000012s ]
INFO: [ app_init ] --END-- [ RunTime:0.000521s ]
ERR: æ— æ³•åŠ è½½æ¨¡å—:Scripts

[ 2017-07-12T18:47:44+08:00 ] 127.0.0.1 /Css/bootstrap.min.css
INFO: [ app_init ] --START--
INFO: Run Behavior\BuildLiteBehavior [ RunTime:0.000017s ]
INFO: [ app_init ] --END-- [ RunTime:0.000512s ]
ERR: æ— æ³•åŠ è½½æ¨¡å—:Css

[ 2017-07-12T18:47:44+08:00 ] 127.0.0.1 /Scripts/lazyload.js
INFO: [ app_init ] --START--
INFO: Run Behavior\BuildLiteBehavior [ RunTime:0.000015s ]
INFO: [ app_init ] --END-- [ RunTime:0.000775s ]
ERR: æ— æ³•åŠ è½½æ¨¡å—:Scripts

[ 2017-07-12T18:47:44+08:00 ] 127.0.0.1 /Scripts/swiper-2.1.min.js
INFO: [ app_init ] --START--
INFO: Run Behavior\BuildLiteBehavior [ RunTime:0.000015s ]
INFO: [ app_init ] --END-- [ RunTime:0.000481s ]
ERR: æ— æ³•åŠ è½½æ¨¡å—:Scripts

[ 2017-07-12T18:47:44+08:00 ] 127.0.0.1 /Css/apply.css
INFO: [ app_init ] --START--
INFO: Run Behavior\BuildLiteBehavior [ RunTime:0.000015s ]
INFO: [ app_init ] --END-- [ RunTime:0.000696s ]
ERR: æ— æ³•åŠ è½½æ¨¡å—:Css

[ 2017-07-12T18:47:44+08:00 ] 127.0.0.1 /Scripts/com.js
INFO: [ app_init ] --START--
INFO: Run Behavior\BuildLiteBehavior [ RunTime:0.000013s ]
INFO: [ app_init ] --END-- [ RunTime:0.000376s ]
ERR: æ— æ³•åŠ è½½æ¨¡å—:Scripts

[ 2017-07-12T18:47:44+08:00 ] 127.0.0.1 /Scripts/jquery.js
INFO: [ app_init ] --START--
INFO: Run Behavior\BuildLiteBehavior [ RunTime:0.000012s ]
INFO: [ app_init ] --END-- [ RunTime:0.000324s ]
ERR: æ— æ³•åŠ è½½æ¨¡å—:Scripts

[ 2017-07-12T18:47:44+08:00 ] 127.0.0.1 /Scripts/jquery-1.10.1.min.js
INFO: [ app_init ] --START--
INFO: Run Behavior\BuildLiteBehavior [ RunTime:0.000011s ]
INFO: [ app_init ] --END-- [ RunTime:0.000328s ]
ERR: æ— æ³•åŠ è½½æ¨¡å—:Scripts

[ 2017-07-12T18:47:44+08:00 ] 127.0.0.1 /Scripts/swiper-2.1.min.js
INFO: [ app_init ] --START--
INFO: Run Behavior\BuildLiteBehavior [ RunTime:0.000011s ]
INFO: [ app_init ] --END-- [ RunTime:0.000315s ]
ERR: æ— æ³•åŠ è½½æ¨¡å—:Scripts

[ 2017-07-12T18:47:44+08:00 ] 127.0.0.1 /Scripts/lazyload.js
INFO: [ app_init ] --START--
INFO: Run Behavior\BuildLiteBehavior [ RunTime:0.000013s ]
INFO: [ app_init ] --END-- [ RunTime:0.000372s ]
ERR: æ— æ³•åŠ è½½æ¨¡å—:Scripts

[ 2017-07-12T18:47:44+08:00 ] 127.0.0.1 /Css/bootstrap.min.css
INFO: [ app_init ] --START--
INFO: Run Behavior\BuildLiteBehavior [ RunTime:0.000016s ]
INFO: [ app_init ] --END-- [ RunTime:0.000501s ]
ERR: æ— æ³•åŠ è½½æ¨¡å—:Css

[ 2017-07-12T18:47:44+08:00 ] 127.0.0.1 /Scripts/com.js
INFO: [ app_init ] --START--
INFO: Run Behavior\BuildLiteBehavior [ RunTime:0.000025s ]
INFO: [ app_init ] --END-- [ RunTime:0.000723s ]
ERR: æ— æ³•åŠ è½½æ¨¡å—:Scripts

[ 2017-07-12T18:47:45+08:00 ] 127.0.0.1 /Css/apply.css
INFO: [ app_init ] --START--
INFO: Run Behavior\BuildLiteBehavior [ RunTime:0.000012s ]
INFO: [ app_init ] --END-- [ RunTime:0.000371s ]
ERR: æ— æ³•åŠ è½½æ¨¡å—:Css

[ 2017-07-12T18:47:45+08:00 ] 127.0.0.1 /Scripts/jquery.js
INFO: [ app_init ] --START--
INFO: Run Behavior\BuildLiteBehavior [ RunTime:0.000017s ]
INFO: [ app_init ] --END-- [ RunTime:0.000535s ]
ERR: æ— æ³•åŠ è½½æ¨¡å—:Scripts

[ 2017-07-12T18:47:45+08:00 ] 127.0.0.1 /Scripts/swiper-2.1.min.js
INFO: [ app_init ] --START--
INFO: Run Behavior\BuildLiteBehavior [ RunTime:0.000016s ]
INFO: [ app_init ] --END-- [ RunTime:0.000520s ]
ERR: æ— æ³•åŠ è½½æ¨¡å—:Scripts

[ 2017-07-12T18:47:45+08:00 ] 127.0.0.1 /Scripts/com.js
INFO: [ app_init ] --START--
INFO: Run Behavior\BuildLiteBehavior [ RunTime:0.000011s ]
INFO: [ app_init ] --END-- [ RunTime:0.000353s ]
ERR: æ— æ³•åŠ è½½æ¨¡å—:Scripts



[ 2017-07-12T18:47:45+08:00 ] 127.0.0.1 /Scripts/lazyload.js
INFO: [ app_init ] --START--
INFO: Run Behavior\BuildLiteBehavior [ RunTime:0.000019s ]
INFO: [ app_init ] --END-- [ RunTime:0.000670s ]
ERR: æ— æ³•åŠ è½½æ¨¡å—:Scripts

[ 2017-07-12T18:47:45+08:00 ] 127.0.0.1 /Scripts/jquery-1.10.1.min.js
INFO: [ app_init ] --START--
INFO: Run Behavior\BuildLiteBehavior [ RunTime:0.000013s ]
INFO: [ app_init ] --END-- [ RunTime:0.000410s ]
ERR: æ— æ³•åŠ è½½æ¨¡å—:Scripts

[ 2017-07-12T18:47:45+08:00 ] 127.0.0.1 /Scripts/swiper-2.1.min.js
INFO: [ app_init ] --START--
INFO: Run Behavior\BuildLiteBehavior [ RunTime:0.000012s ]
INFO: [ app_init ] --END-- [ RunTime:0.000339s ]
ERR: æ— æ³•åŠ è½½æ¨¡å—:Scripts

[ 2017-07-12T18:47:45+08:00 ] 127.0.0.1 /Scripts/lazyload.js
INFO: [ app_init ] --START--
INFO: Run Behavior\BuildLiteBehavior [ RunTime:0.000012s ]
INFO: [ app_init ] --END-- [ RunTime:0.000435s ]
ERR: æ— æ³•åŠ è½½æ¨¡å—:Scripts

[ 2017-07-12T18:47:45+08:00 ] 127.0.0.1 /Css/bootstrap.min.css
INFO: [ app_init ] --START--
INFO: Run Behavior\BuildLiteBehavior [ RunTime:0.000012s ]
INFO: [ app_init ] --END-- [ RunTime:0.000531s ]
ERR: æ— æ³•åŠ è½½æ¨¡å—:Css

[ 2017-07-12T18:47:45+08:00 ] 127.0.0.1 /Scripts/com.js
INFO: [ app_init ] --START--
INFO: Run Behavior\BuildLiteBehavior [ RunTime:0.000014s ]
INFO: [ app_init ] --END-- [ RunTime:0.000432s ]
ERR: æ— æ³•åŠ è½½æ¨¡å—:Scripts

[ 2017-07-12T18:49:12+08:00 ] 127.0.0.1 /Scripts/com.js
INFO: [ app_init ] --START--
INFO: Run Behavior\BuildLiteBehavior [ RunTime:0.000021s ]
INFO: [ app_init ] --END-- [ RunTime:0.000846s ]
ERR: æ— æ³•åŠ è½½æ¨¡å—:Scripts

[ 2017-07-12T18:49:12+08:00 ] 127.0.0.1 /Css/bootstrap.min.css
INFO: [ app_init ] --START--
INFO: Run Behavior\BuildLiteBehavior [ RunTime:0.000016s ]
INFO: [ app_init ] --END-- [ RunTime:0.000519s ]
ERR: æ— æ³•åŠ è½½æ¨¡å—:Css

[ 2017-07-12T18:49:12+08:00 ] 127.0.0.1 /Scripts/com.js
INFO: [ app_init ] --START--
INFO: Run Behavior\BuildLiteBehavior [ RunTime:0.000012s ]
INFO: [ app_init ] --END-- [ RunTime:0.000333s ]
ERR: æ— æ³•åŠ è½½æ¨¡å—:Scripts

[ 2017-07-12T18:49:58+08:00 ] 127.0.0.1 /Css/bootstrap.min.css
INFO: [ app_init ] --START--
INFO: Run Behavior\BuildLiteBehavior [ RunTime:0.000020s ]
INFO: [ app_init ] --END-- [ RunTime:0.000600s ]
ERR: æ— æ³•åŠ è½½æ¨¡å—:Css

[ 2017-07-12T18:49:58+08:00 ] 127.0.0.1 /Scripts/com.js
INFO: [ app_init ] --START--
INFO: Run Behavior\BuildLiteBehavior [ RunTime:0.000015s ]
INFO: [ app_init ] --END-- [ RunTime:0.000496s ]
ERR: æ— æ³•åŠ è½½æ¨¡å—:Scripts

[ 2017-07-12T18:50:25+08:00 ] 127.0.0.1 /Scripts/com.js
INFO: [ app_init ] --START--
INFO: Run Behavior\BuildLiteBehavior [ RunTime:0.000022s ]
INFO: [ app_init ] --END-- [ RunTime:0.000762s ]
ERR: æ— æ³•åŠ è½½æ¨¡å—:Scripts

[ 2017-07-12T18:50:25+08:00 ] 127.0.0.1 /Scripts/com.js
INFO: [ app_init ] --START--
INFO: Run Behavior\BuildLiteBehavior [ RunTime:0.000013s ]
INFO: [ app_init ] --END-- [ RunTime:0.000347s ]
ERR: æ— æ³•åŠ è½½æ¨¡å—:Scripts

[ 2017-07-12T18:50:25+08:00 ] 127.0.0.1 /Scripts/com.js
INFO: [ app_init ] --START--
INFO: Run Behavior\BuildLiteBehavior [ RunTime:0.000014s ]
INFO: [ app_init ] --END-- [ RunTime:0.000453s ]
ERR: æ— æ³•åŠ è½½æ¨¡å—:Scripts

[ 2017-07-12T18:50:25+08:00 ] 127.0.0.1 /Scripts/com.js
INFO: [ app_init ] --START--
INFO: Run Behavior\BuildLiteBehavior [ RunTime:0.000018s ]
INFO: [ app_init ] --END-- [ RunTime:0.000525s ]
ERR: æ— æ³•åŠ è½½æ¨¡å—:Scripts

[ 2017-07-12T19:24:40+08:00 ] 127.0.0.1 /Scripts/com.js
INFO: [ app_init ] --START--
INFO: Run Behavior\BuildLiteBehavior [ RunTime:0.000013s ]
INFO: [ app_init ] --END-- [ RunTime:0.000543s ]
ERR: æ— æ³•åŠ è½½æ¨¡å—:Scripts

[ 2017-07-12T19:24:40+08:00 ] 127.0.0.1 /Scripts/com.js
INFO: [ app_init ] --START--
INFO: Run Behavior\BuildLiteBehavior [ RunTime:0.000014s ]
INFO: [ app_init ] --END-- [ RunTime:0.000383s ]
ERR: æ— æ³•åŠ è½½æ¨¡å—:Scripts

[ 2017-07-12T19:24:50+08:00 ] 127.0.0.1 /Scripts/com.js
INFO: [ app_init ] --START--
INFO: Run Behavior\BuildLiteBehavior [ RunTime:0.000019s ]
INFO: [ app_init ] --END-- [ RunTime:0.000660s ]
ERR: æ— æ³•åŠ è½½æ¨¡å—:Scripts

[ 2017-07-12T19:24:50+08:00 ] 127.0.0.1 /Scripts/com.js
INFO: [ app_init ] --START--
INFO: Run Behavior\BuildLiteBehavior [ RunTime:0.000022s ]
INFO: [ app_init ] --END-- [ RunTime:0.000370s ]
ERR: æ— æ³•åŠ è½½æ¨¡å—:Scripts

[ 2017-07-12T19:24:54+08:00 ] 127.0.0.1 /Scripts/com.js
INFO: [ app_init ] --START--
INFO: Run Behavior\BuildLiteBehavior [ RunTime:0.000013s ]
INFO: [ app_init ] --END-- [ RunTime:0.000383s ]
ERR: æ— æ³•åŠ è½½æ¨¡å—:Scripts

[ 2017-07-12T19:24:54+08:00 ] 127.0.0.1 /Scripts/com.js
INFO: [ app_init ] --START--
INFO: Run Behavior\BuildLiteBehavior [ RunTime:0.000013s ]
INFO: [ app_init ] --END-- [ RunTime:0.000373s ]
ERR: æ— æ³•åŠ è½½æ¨¡å—:Scripts

[ 2017-07-12T19:25:04+08:00 ] 127.0.0.1 /Scripts/com.js
INFO: [ app_init ] --START--
INFO: Run Behavior\BuildLiteBehavior [ RunTime:0.000022s ]
INFO: [ app_init ] --END-- [ RunTime:0.000363s ]
ERR: æ— æ³•åŠ è½½æ¨¡å—:Scripts

[ 2017-07-12T19:25:04+08:00 ] 127.0.0.1 /Scripts/com.js
INFO: [ app_init ] --START--
INFO: Run Behavior\BuildLiteBehavior [ RunTime:0.000016s ]
INFO: [ app_init ] --END-- [ RunTime:0.000372s ]
ERR: æ— æ³•åŠ è½½æ¨¡å—:Scripts

[ 2017-07-12T19:25:53+08:00 ] 127.0.0.1 /Scripts/com.js
INFO: [ app_init ] --START--
INFO: Run Behavior\BuildLiteBehavior [ RunTime:0.000013s ]
INFO: [ app_init ] --END-- [ RunTime:0.000352s ]
ERR: æ— æ³•åŠ è½½æ¨¡å—:Scripts

[ 2017-07-12T19:25:53+08:00 ] 127.0.0.1 /Scripts/com.js
INFO: [ app_init ] --START--
INFO: Run Behavior\BuildLiteBehavior [ RunTime:0.000033s ]
INFO: [ app_init ] --END-- [ RunTime:0.000590s ]
ERR: æ— æ³•åŠ è½½æ¨¡å—:Scripts

[ 2017-07-12T19:28:15+08:00 ] 127.0.0.1 /Scripts/com.js
INFO: [ app_init ] --START--
INFO: Run Behavior\BuildLiteBehavior [ RunTime:0.000016s ]
INFO: [ app_init ] --END-- [ RunTime:0.000394s ]
ERR: æ— æ³•åŠ è½½æ¨¡å—:Scripts

[ 2017-07-12T19:28:15+08:00 ] 127.0.0.1 /Scripts/com.js
INFO: [ app_init ] --START--
INFO: Run Behavior\BuildLiteBehavior [ RunTime:0.000012s ]
INFO: [ app_init ] --END-- [ RunTime:0.000412s ]
ERR: æ— æ³•åŠ è½½æ¨¡å—:Scripts

[ 2017-07-12T19:31:35+08:00 ] 127.0.0.1 /Scripts/com.js
INFO: [ app_init ] --START--
INFO: Run Behavior\BuildLiteBehavior [ RunTime:0.000015s ]
INFO: [ app_init ] --END-- [ RunTime:0.000382s ]
ERR: æ— æ³•åŠ è½½æ¨¡å—:Scripts

[ 2017-07-12T19:31:35+08:00 ] 127.0.0.1 /Scripts/com.js
INFO: [ app_init ] --START--
INFO: Run Behavior\BuildLiteBehavior [ RunTime:0.000011s ]
INFO: [ app_init ] --END-- [ RunTime:0.000324s ]
ERR: æ— æ³•åŠ è½½æ¨¡å—:Scripts

[ 2017-07-12T19:32:13+08:00 ] 127.0.0.1 /Scripts/com.js
INFO: [ app_init ] --START--
INFO: Run Behavior\BuildLiteBehavior [ RunTime:0.000014s ]
INFO: [ app_init ] --END-- [ RunTime:0.000368s ]
ERR: æ— æ³•åŠ è½½æ¨¡å—:Scripts

[ 2017-07-12T19:32:13+08:00 ] 127.0.0.1 /Scripts/com.js
INFO: [ app_init ] --START--
INFO: Run Behavior\BuildLiteBehavior [ RunTime:0.000011s ]
INFO: [ app_init ] --END-- [ RunTime:0.000334s ]
ERR: æ— æ³•åŠ è½½æ¨¡å—:Scripts

[ 2017-07-12T19:33:38+08:00 ] 127.0.0.1 /Scripts/com.js
INFO: [ app_init ] --START--
INFO: Run Behavior\BuildLiteBehavior [ RunTime:0.000021s ]
INFO: [ app_init ] --END-- [ RunTime:0.000608s ]
ERR: æ— æ³•åŠ è½½æ¨¡å—:Scripts

[ 2017-07-12T19:33:38+08:00 ] 127.0.0.1 /Scripts/com.js
INFO: [ app_init ] --START--
INFO: Run Behavior\BuildLiteBehavior [ RunTime:0.000015s ]
INFO: [ app_init ] --END-- [ RunTime:0.000414s ]
ERR: æ— æ³•åŠ è½½æ¨¡å—:Scripts

[ 2017-07-12T19:33:56+08:00 ] 127.0.0.1 /Scripts/com.js
INFO: [ app_init ] --START--
INFO: Run Behavior\BuildLiteBehavior [ RunTime:0.000020s ]
INFO: [ app_init ] --END-- [ RunTime:0.000624s ]
ERR: æ— æ³•åŠ è½½æ¨¡å—:Scripts

[ 2017-07-12T19:33:56+08:00 ] 127.0.0.1 /Scripts/com.js
INFO: [ app_init ] --START--
INFO: Run Behavior\BuildLiteBehavior [ RunTime:0.000012s ]
INFO: [ app_init ] --END-- [ RunTime:0.000344s ]
ERR: æ— æ³•åŠ è½½æ¨¡å—:Scripts

[ 2017-07-12T19:35:07+08:00 ] 127.0.0.1 /Scripts/com.js
INFO: [ app_init ] --START--
INFO: Run Behavior\BuildLiteBehavior [ RunTime:0.000024s ]
INFO: [ app_init ] --END-- [ RunTime:0.000480s ]
ERR: æ— æ³•åŠ è½½æ¨¡å—:Scripts

[ 2017-07-12T19:36:32+08:00 ] 127.0.0.1 /Scripts/com.js
INFO: [ app_init ] --START--
INFO: Run Behavior\BuildLiteBehavior [ RunTime:0.000031s ]
INFO: [ app_init ] --END-- [ RunTime:0.000814s ]
ERR: æ— æ³•åŠ è½½æ¨¡å—:Scripts

[ 2017-07-12T19:36:32+08:00 ] 127.0.0.1 /Scripts/com.js
INFO: [ app_init ] --START--
INFO: Run Behavior\BuildLiteBehavior [ RunTime:0.000015s ]
INFO: [ app_init ] --END-- [ RunTime:0.000514s ]
ERR: æ— æ³•åŠ è½½æ¨¡å—:Scripts

[ 2017-07-12T19:36:36+08:00 ] 127.0.0.1 /Scripts/com.js
INFO: [ app_init ] --START--
INFO: Run Behavior\BuildLiteBehavior [ RunTime:0.000015s ]
INFO: [ app_init ] --END-- [ RunTime:0.000421s ]
ERR: æ— æ³•åŠ è½½æ¨¡å—:Scripts

[ 2017-07-12T19:36:36+08:00 ] 127.0.0.1 /Scripts/com.js
INFO: [ app_init ] --START--
INFO: Run Behavior\BuildLiteBehavior [ RunTime:0.000024s ]
INFO: [ app_init ] --END-- [ RunTime:0.000779s ]
ERR: æ— æ³•åŠ è½½æ¨¡å—:Scripts

[ 2017-07-12T19:38:13+08:00 ] 127.0.0.1 /Scripts/com.js
INFO: [ app_init ] --START--
INFO: Run Behavior\BuildLiteBehavior [ RunTime:0.000015s ]
INFO: [ app_init ] --END-- [ RunTime:0.000496s ]
ERR: æ— æ³•åŠ è½½æ¨¡å—:Scripts

[ 2017-07-12T19:38:13+08:00 ] 127.0.0.1 /Scripts/com.js
INFO: [ app_init ] --START--
INFO: Run Behavior\BuildLiteBehavior [ RunTime:0.000019s ]
INFO: [ app_init ] --END-- [ RunTime:0.000813s ]
ERR: æ— æ³•åŠ è½½æ¨¡å—:Scripts

[ 2017-07-12T19:38:52+08:00 ] 127.0.0.1 /Scripts/com.js
INFO: [ app_init ] --START--
INFO: Run Behavior\BuildLiteBehavior [ RunTime:0.000013s ]
INFO: [ app_init ] --END-- [ RunTime:0.000383s ]
ERR: æ— æ³•åŠ è½½æ¨¡å—:Scripts

[ 2017-07-12T19:38:52+08:00 ] 127.0.0.1 /Scripts/com.js
INFO: [ app_init ] --START--
INFO: Run Behavior\BuildLiteBehavior [ RunTime:0.000013s ]
INFO: [ app_init ] --END-- [ RunTime:0.000351s ]
ERR: æ— æ³•åŠ è½½æ¨¡å—:Scripts

[ 2017-07-12T19:40:31+08:00 ] 127.0.0.1 /Picture/loading.png
INFO: [ app_init ] --START--
INFO: Run Behavior\BuildLiteBehavior [ RunTime:0.000016s ]
INFO: [ app_init ] --END-- [ RunTime:0.000524s ]
ERR: æ— æ³•åŠ è½½æ¨¡å—:Picture

[ 2017-07-12T19:40:31+08:00 ] 127.0.0.1 /Scripts/com.js
INFO: [ app_init ] --START--
INFO: Run Behavior\BuildLiteBehavior [ RunTime:0.000017s ]
INFO: [ app_init ] --END-- [ RunTime:0.000539s ]
ERR: æ— æ³•åŠ è½½æ¨¡å—:Scripts

[ 2017-07-12T19:40:31+08:00 ] 127.0.0.1 /Scripts/com.js
INFO: [ app_init ] --START--
INFO: Run Behavior\BuildLiteBehavior [ RunTime:0.000012s ]
INFO: [ app_init ] --END-- [ RunTime:0.000362s ]
ERR: æ— æ³•åŠ è½½æ¨¡å—:Scripts

[ 2017-07-12T19:40:42+08:00 ] 127.0.0.1 /Scripts/com.js
INFO: [ app_init ] --START--
INFO: Run Behavior\BuildLiteBehavior [ RunTime:0.000023s ]
INFO: [ app_init ] --END-- [ RunTime:0.000795s ]
ERR: æ— æ³•åŠ è½½æ¨¡å—:Scripts

[ 2017-07-12T19:40:42+08:00 ] 127.0.0.1 /Picture/loading.png
INFO: [ app_init ] --START--
INFO: Run Behavior\BuildLiteBehavior [ RunTime:0.000021s ]
INFO: [ app_init ] --END-- [ RunTime:0.000593s ]
ERR: æ— æ³•åŠ è½½æ¨¡å—:Picture

[ 2017-07-12T19:40:42+08:00 ] 127.0.0.1 /Scripts/com.js
INFO: [ app_init ] --START--
INFO: Run Behavior\BuildLiteBehavior [ RunTime:0.000034s ]
INFO: [ app_init ] --END-- [ RunTime:0.001065s ]
ERR: æ— æ³•åŠ è½½æ¨¡å—:Scripts

[ 2017-07-12T19:41:44+08:00 ] 127.0.0.1 /Picture/loading.png
INFO: [ app_init ] --START--
INFO: Run Behavior\BuildLiteBehavior [ RunTime:0.000025s ]
INFO: [ app_init ] --END-- [ RunTime:0.001302s ]
ERR: æ— æ³•åŠ è½½æ¨¡å—:Picture

[ 2017-07-12T19:41:44+08:00 ] 127.0.0.1 /Scripts/com.js
INFO: [ app_init ] --START--
INFO: Run Behavior\BuildLiteBehavior [ RunTime:0.000019s ]
INFO: [ app_init ] --END-- [ RunTime:0.000547s ]
ERR: æ— æ³•åŠ è½½æ¨¡å—:Scripts

[ 2017-07-12T19:41:44+08:00 ] 127.0.0.1 /Scripts/com.js
INFO: [ app_init ] --START--
INFO: Run Behavior\BuildLiteBehavior [ RunTime:0.000015s ]
INFO: [ app_init ] --END-- [ RunTime:0.000381s ]
ERR: æ— æ³•åŠ è½½æ¨¡å—:Scripts

[ 2017-07-12T19:41:49+08:00 ] 127.0.0.1 /Picture/loading.png
INFO: [ app_init ] --START--
INFO: Run Behavior\BuildLiteBehavior [ RunTime:0.000018s ]
INFO: [ app_init ] --END-- [ RunTime:0.000492s ]
ERR: æ— æ³•åŠ è½½æ¨¡å—:Picture

[ 2017-07-12T19:41:49+08:00 ] 127.0.0.1 /Scripts/com.js
INFO: [ app_init ] --START--
INFO: Run Behavior\BuildLiteBehavior [ RunTime:0.000016s ]
INFO: [ app_init ] --END-- [ RunTime:0.000459s ]
ERR: æ— æ³•åŠ è½½æ¨¡å—:Scripts

[ 2017-07-12T19:41:49+08:00 ] 127.0.0.1 /Scripts/com.js
INFO: [ app_init ] --START--
INFO: Run Behavior\BuildLiteBehavior [ RunTime:0.000030s ]
INFO: [ app_init ] --END-- [ RunTime:0.000503s ]
ERR: æ— æ³•åŠ è½½æ¨¡å—:Scripts

[ 2017-07-12T19:41:55+08:00 ] 127.0.0.1 /Picture/loading.png
INFO: [ app_init ] --START--
INFO: Run Behavior\BuildLiteBehavior [ RunTime:0.000021s ]
INFO: [ app_init ] --END-- [ RunTime:0.000630s ]
ERR: æ— æ³•åŠ è½½æ¨¡å—:Picture

[ 2017-07-12T19:41:55+08:00 ] 127.0.0.1 /Scripts/com.js
INFO: [ app_init ] --START--
INFO: Run Behavior\BuildLiteBehavior [ RunTime:0.000021s ]
INFO: [ app_init ] --END-- [ RunTime:0.000550s ]
ERR: æ— æ³•åŠ è½½æ¨¡å—:Scripts

[ 2017-07-12T19:41:55+08:00 ] 127.0.0.1 /Scripts/com.js
INFO: [ app_init ] --START--
INFO: Run Behavior\BuildLiteBehavior [ RunTime:0.000016s ]
INFO: [ app_init ] --END-- [ RunTime:0.000419s ]
ERR: æ— æ³•åŠ è½½æ¨¡å—:Scripts

[ 2017-07-12T19:42:01+08:00 ] 127.0.0.1 /Picture/loading.png
INFO: [ app_init ] --START--
INFO: Run Behavior\BuildLiteBehavior [ RunTime:0.000020s ]
INFO: [ app_init ] --END-- [ RunTime:0.000695s ]
ERR: æ— æ³•åŠ è½½æ¨¡å—:Picture

[ 2017-07-12T19:42:01+08:00 ] 127.0.0.1 /Scripts/com.js
INFO: [ app_init ] --START--
INFO: Run Behavior\BuildLiteBehavior [ RunTime:0.000048s ]
INFO: [ app_init ] --END-- [ RunTime:0.001000s ]
ERR: æ— æ³•åŠ è½½æ¨¡å—:Scripts

[ 2017-07-12T19:42:01+08:00 ] 127.0.0.1 /Scripts/com.js
INFO: [ app_init ] --START--
INFO: Run Behavior\BuildLiteBehavior [ RunTime:0.000013s ]
INFO: [ app_init ] --END-- [ RunTime:0.000360s ]
ERR: æ— æ³•åŠ è½½æ¨¡å—:Scripts

[ 2017-07-12T19:42:04+08:00 ] 127.0.0.1 /Picture/loading.png
INFO: [ app_init ] --START--
INFO: Run Behavior\BuildLiteBehavior [ RunTime:0.000022s ]
INFO: [ app_init ] --END-- [ RunTime:0.000745s ]
ERR: æ— æ³•åŠ è½½æ¨¡å—:Picture

[ 2017-07-12T19:42:04+08:00 ] 127.0.0.1 /Scripts/com.js
INFO: [ app_init ] --START--
INFO: Run Behavior\BuildLiteBehavior [ RunTime:0.000023s ]
INFO: [ app_init ] --END-- [ RunTime:0.000816s ]
ERR: æ— æ³•åŠ è½½æ¨¡å—:Scripts

[ 2017-07-12T19:42:04+08:00 ] 127.0.0.1 /Picture/loading.png
INFO: [ app_init ] --START--
INFO: Run Behavior\BuildLiteBehavior [ RunTime:0.000038s ]
INFO: [ app_init ] --END-- [ RunTime:0.001124s ]
ERR: æ— æ³•åŠ è½½æ¨¡å—:Picture

[ 2017-07-12T19:42:04+08:00 ] 127.0.0.1 /Scripts/com.js
INFO: [ app_init ] --START--
INFO: Run Behavior\BuildLiteBehavior [ RunTime:0.000059s ]
INFO: [ app_init ] --END-- [ RunTime:0.003150s ]
ERR: æ— æ³•åŠ è½½æ¨¡å—:Scripts

[ 2017-07-12T19:42:06+08:00 ] 127.0.0.1 /Picture/loading.png
INFO: [ app_init ] --START--
INFO: Run Behavior\BuildLiteBehavior [ RunTime:0.000034s ]
INFO: [ app_init ] --END-- [ RunTime:0.001125s ]
ERR: æ— æ³•åŠ è½½æ¨¡å—:Picture

[ 2017-07-12T19:42:06+08:00 ] 127.0.0.1 /Scripts/com.js
INFO: [ app_init ] --START--
INFO: Run Behavior\BuildLiteBehavior [ RunTime:0.000020s ]
INFO: [ app_init ] --END-- [ RunTime:0.000574s ]
ERR: æ— æ³•åŠ è½½æ¨¡å—:Scripts

[ 2017-07-12T19:42:06+08:00 ] 127.0.0.1 /Scripts/com.js
INFO: [ app_init ] --START--
INFO: Run Behavior\BuildLiteBehavior [ RunTime:0.000022s ]
INFO: [ app_init ] --END-- [ RunTime:0.000601s ]
ERR: æ— æ³•åŠ è½½æ¨¡å—:Scripts

[ 2017-07-12T19:42:09+08:00 ] 127.0.0.1 /Scripts/com.js
INFO: [ app_init ] --START--
INFO: Run Behavior\BuildLiteBehavior [ RunTime:0.000030s ]
INFO: [ app_init ] --END-- [ RunTime:0.016822s ]
ERR: æ— æ³•åŠ è½½æ¨¡å—:Scripts

[ 2017-07-12T19:42:09+08:00 ] 127.0.0.1 /Scripts/com.js
INFO: [ app_init ] --START--
INFO: Run Behavior\BuildLiteBehavior [ RunTime:0.000040s ]
INFO: [ app_init ] --END-- [ RunTime:0.000985s ]
ERR: æ— æ³•åŠ è½½æ¨¡å—:Scripts

[ 2017-07-12T19:47:17+08:00 ] 127.0.0.1 /Picture/loading.png
INFO: [ app_init ] --START--
INFO: Run Behavior\BuildLiteBehavior [ RunTime:0.000014s ]
INFO: [ app_init ] --END-- [ RunTime:0.000511s ]
ERR: æ— æ³•åŠ è½½æ¨¡å—:Picture

[ 2017-07-12T19:47:17+08:00 ] 127.0.0.1 /Scripts/com.js
INFO: [ app_init ] --START--
INFO: Run Behavior\BuildLiteBehavior [ RunTime:0.000024s ]
INFO: [ app_init ] --END-- [ RunTime:0.000868s ]
ERR: æ— æ³•åŠ è½½æ¨¡å—:Scripts

[ 2017-07-12T19:47:18+08:00 ] 127.0.0.1 /Picture/loading.png
INFO: [ app_init ] --START--
INFO: Run Behavior\BuildLiteBehavior [ RunTime:0.000018s ]
INFO: [ app_init ] --END-- [ RunTime:0.000576s ]
ERR: æ— æ³•åŠ è½½æ¨¡å—:Picture

[ 2017-07-12T19:47:18+08:00 ] 127.0.0.1 /Scripts/com.js
INFO: [ app_init ] --START--
INFO: Run Behavior\BuildLiteBehavior [ RunTime:0.000084s ]
INFO: [ app_init ] --END-- [ RunTime:0.001628s ]
ERR: æ— æ³•åŠ è½½æ¨¡å—:Scripts

[ 2017-07-12T19:49:40+08:00 ] 127.0.0.1 /Scripts/com.js
INFO: [ app_init ] --START--
INFO: Run Behavior\BuildLiteBehavior [ RunTime:0.000022s ]
INFO: [ app_init ] --END-- [ RunTime:0.000632s ]
ERR: æ— æ³•åŠ è½½æ¨¡å—:Scripts

[ 2017-07-12T19:49:40+08:00 ] 127.0.0.1 /Scripts/com.js
INFO: [ app_init ] --START--
INFO: Run Behavior\BuildLiteBehavior [ RunTime:0.000017s ]
INFO: [ app_init ] --END-- [ RunTime:0.000415s ]
ERR: æ— æ³•åŠ è½½æ¨¡å—:Scripts

[ 2017-07-12T19:50:20+08:00 ] 127.0.0.1 /Scripts/com.js
INFO: [ app_init ] --START--
INFO: Run Behavior\BuildLiteBehavior [ RunTime:0.000022s ]
INFO: [ app_init ] --END-- [ RunTime:0.000605s ]
ERR: æ— æ³•åŠ è½½æ¨¡å—:Scripts

[ 2017-07-12T19:50:21+08:00 ] 127.0.0.1 /Scripts/com.js
INFO: [ app_init ] --START--
INFO: Run Behavior\BuildLiteBehavior [ RunTime:0.000019s ]
INFO: [ app_init ] --END-- [ RunTime:0.000752s ]
ERR: æ— æ³•åŠ è½½æ¨¡å—:Scripts

[ 2017-07-12T19:50:46+08:00 ] 127.0.0.1 /Scripts/com.js
INFO: [ app_init ] --START--
INFO: Run Behavior\BuildLiteBehavior [ RunTime:0.000019s ]
INFO: [ app_init ] --END-- [ RunTime:0.000534s ]
ERR: æ— æ³•åŠ è½½æ¨¡å—:Scripts

[ 2017-07-12T19:50:46+08:00 ] 127.0.0.1 /Picture/loading.png
INFO: [ app_init ] --START--
INFO: Run Behavior\BuildLiteBehavior [ RunTime:0.000014s ]
INFO: [ app_init ] --END-- [ RunTime:0.000369s ]
ERR: æ— æ³•åŠ è½½æ¨¡å—:Picture

[ 2017-07-12T19:50:46+08:00 ] 127.0.0.1 /Scripts/com.js
INFO: [ app_init ] --START--
INFO: Run Behavior\BuildLiteBehavior [ RunTime:0.000017s ]
INFO: [ app_init ] --END-- [ RunTime:0.000509s ]
ERR: æ— æ³•åŠ è½½æ¨¡å—:Scripts

[ 2017-07-12T19:52:33+08:00 ] 127.0.0.1 /Picture/loading.png
INFO: [ app_init ] --START--
INFO: Run Behavior\BuildLiteBehavior [ RunTime:0.000032s ]
INFO: [ app_init ] --END-- [ RunTime:0.001176s ]
ERR: æ— æ³•åŠ è½½æ¨¡å—:Picture

[ 2017-07-12T19:52:33+08:00 ] 127.0.0.1 /Scripts/com.js
INFO: [ app_init ] --START--
INFO: Run Behavior\BuildLiteBehavior [ RunTime:0.000013s ]
INFO: [ app_init ] --END-- [ RunTime:0.000363s ]
ERR: æ— æ³•åŠ è½½æ¨¡å—:Scripts

[ 2017-07-12T19:52:33+08:00 ] 127.0.0.1 /Scripts/com.js
INFO: [ app_init ] --START--
INFO: Run Behavior\BuildLiteBehavior [ RunTime:0.000023s ]
INFO: [ app_init ] --END-- [ RunTime:0.000562s ]
ERR: æ— æ³•åŠ è½½æ¨¡å—:Scripts

[ 2017-07-12T19:52:42+08:00 ] 127.0.0.1 /Picture/loading.png
INFO: [ app_init ] --START--
INFO: Run Behavior\BuildLiteBehavior [ RunTime:0.000020s ]
INFO: [ app_init ] --END-- [ RunTime:0.000553s ]
ERR: æ— æ³•åŠ è½½æ¨¡å—:Picture

[ 2017-07-12T19:52:43+08:00 ] 127.0.0.1 /Scripts/com.js
INFO: [ app_init ] --START--
INFO: Run Behavior\BuildLiteBehavior [ RunTime:0.000024s ]
INFO: [ app_init ] --END-- [ RunTime:0.001594s ]
ERR: æ— æ³•åŠ è½½æ¨¡å—:Scripts

[ 2017-07-12T19:52:43+08:00 ] 127.0.0.1 /Picture/loading.png
INFO: [ app_init ] --START--
INFO: Run Behavior\BuildLiteBehavior [ RunTime:0.000024s ]
INFO: [ app_init ] --END-- [ RunTime:0.000683s ]
ERR: æ— æ³•åŠ è½½æ¨¡å—:Picture

[ 2017-07-12T19:52:43+08:00 ] 127.0.0.1 /Scripts/com.js
INFO: [ app_init ] --START--
INFO: Run Behavior\BuildLiteBehavior [ RunTime:0.000031s ]
INFO: [ app_init ] --END-- [ RunTime:0.004632s ]
ERR: æ— æ³•åŠ è½½æ¨¡å—:Scripts

[ 2017-07-12T19:52:45+08:00 ] 127.0.0.1 /Picture/loading.png
INFO: [ app_init ] --START--
INFO: Run Behavior\BuildLiteBehavior [ RunTime:0.000025s ]
INFO: [ app_init ] --END-- [ RunTime:0.001030s ]
ERR: æ— æ³•åŠ è½½æ¨¡å—:Picture

[ 2017-07-12T19:52:45+08:00 ] 127.0.0.1 /Scripts/com.js
INFO: [ app_init ] --START--
INFO: Run Behavior\BuildLiteBehavior [ RunTime:0.000022s ]
INFO: [ app_init ] --END-- [ RunTime:0.000745s ]
ERR: æ— æ³•åŠ è½½æ¨¡å—:Scripts

[ 2017-07-12T19:52:45+08:00 ] 127.0.0.1 /Scripts/com.js
INFO: [ app_init ] --START--
INFO: Run Behavior\BuildLiteBehavior [ RunTime:0.000027s ]
INFO: [ app_init ] --END-- [ RunTime:0.000421s ]
ERR: æ— æ³•åŠ è½½æ¨¡å—:Scripts

[ 2017-07-12T19:52:47+08:00 ] 127.0.0.1 /Scripts/com.js
INFO: [ app_init ] --START--
INFO: Run Behavior\BuildLiteBehavior [ RunTime:0.000021s ]
INFO: [ app_init ] --END-- [ RunTime:0.000621s ]
ERR: æ— æ³•åŠ è½½æ¨¡å—:Scripts

[ 2017-07-12T19:52:47+08:00 ] 127.0.0.1 /Scripts/com.js
INFO: [ app_init ] --START--
INFO: Run Behavior\BuildLiteBehavior [ RunTime:0.000015s ]
INFO: [ app_init ] --END-- [ RunTime:0.000457s ]
ERR: æ— æ³•åŠ è½½æ¨¡å—:Scripts

[ 2017-07-12T19:52:53+08:00 ] 127.0.0.1 /Scripts/com.js
INFO: [ app_init ] --START--
INFO: Run Behavior\BuildLiteBehavior [ RunTime:0.000013s ]
INFO: [ app_init ] --END-- [ RunTime:0.000381s ]
ERR: æ— æ³•åŠ è½½æ¨¡å—:Scripts

[ 2017-07-12T19:52:53+08:00 ] 127.0.0.1 /Scripts/com.js
INFO: [ app_init ] --START--
INFO: Run Behavior\BuildLiteBehavior [ RunTime:0.000016s ]
INFO: [ app_init ] --END-- [ RunTime:0.000457s ]
ERR: æ— æ³•åŠ è½½æ¨¡å—:Scripts

[ 2017-07-12T19:53:06+08:00 ] 127.0.0.1 /Scripts/com.js
INFO: [ app_init ] --START--
INFO: Run Behavior\BuildLiteBehavior [ RunTime:0.000025s ]
INFO: [ app_init ] --END-- [ RunTime:0.001489s ]
ERR: æ— æ³•åŠ è½½æ¨¡å—:Scripts

[ 2017-07-12T19:53:06+08:00 ] 127.0.0.1 /Scripts/com.js
INFO: [ app_init ] --START--
INFO: Run Behavior\BuildLiteBehavior [ RunTime:0.000025s ]
INFO: [ app_init ] --END-- [ RunTime:0.000410s ]
ERR: æ— æ³•åŠ è½½æ¨¡å—:Scripts

[ 2017-07-12T19:53:48+08:00 ] 127.0.0.1 /Scripts/com.js
INFO: [ app_init ] --START--
INFO: Run Behavior\BuildLiteBehavior [ RunTime:0.000099s ]
INFO: [ app_init ] --END-- [ RunTime:0.001792s ]
ERR: æ— æ³•åŠ è½½æ¨¡å—:Scripts

[ 2017-07-12T19:53:49+08:00 ] 127.0.0.1 /Scripts/com.js
INFO: [ app_init ] --START--
INFO: Run Behavior\BuildLiteBehavior [ RunTime:0.000012s ]
INFO: [ app_init ] --END-- [ RunTime:0.000375s ]
ERR: æ— æ³•åŠ è½½æ¨¡å—:Scripts

[ 2017-07-12T19:54:19+08:00 ] 127.0.0.1 /Scripts/com.js
INFO: [ app_init ] --START--
INFO: Run Behavior\BuildLiteBehavior [ RunTime:0.000022s ]
INFO: [ app_init ] --END-- [ RunTime:0.000523s ]
ERR: æ— æ³•åŠ è½½æ¨¡å—:Scripts

[ 2017-07-12T19:54:19+08:00 ] 127.0.0.1 /Picture/loading.png
INFO: [ app_init ] --START--
INFO: Run Behavior\BuildLiteBehavior [ RunTime:0.000019s ]
INFO: [ app_init ] --END-- [ RunTime:0.000525s ]
ERR: æ— æ³•åŠ è½½æ¨¡å—:Picture

[ 2017-07-12T19:54:19+08:00 ] 127.0.0.1 /Scripts/com.js
INFO: [ app_init ] --START--
INFO: Run Behavior\BuildLiteBehavior [ RunTime:0.000015s ]
INFO: [ app_init ] --END-- [ RunTime:0.000390s ]
ERR: æ— æ³•åŠ è½½æ¨¡å—:Scripts

[ 2017-07-12T19:55:39+08:00 ] 127.0.0.1 /Scripts/com.js
INFO: [ app_init ] --START--
INFO: Run Behavior\BuildLiteBehavior [ RunTime:0.000023s ]
INFO: [ app_init ] --END-- [ RunTime:0.000755s ]
ERR: æ— æ³•åŠ è½½æ¨¡å—:Scripts

[ 2017-07-12T19:55:39+08:00 ] 127.0.0.1 /Picture/loading.png
INFO: [ app_init ] --START--
INFO: Run Behavior\BuildLiteBehavior [ RunTime:0.000018s ]
INFO: [ app_init ] --END-- [ RunTime:0.000425s ]
ERR: æ— æ³•åŠ è½½æ¨¡å—:Picture

[ 2017-07-12T19:55:39+08:00 ] 127.0.0.1 /Scripts/com.js
INFO: [ app_init ] --START--
INFO: Run Behavior\BuildLiteBehavior [ RunTime:0.000029s ]
INFO: [ app_init ] --END-- [ RunTime:0.000813s ]
ERR: æ— æ³•åŠ è½½æ¨¡å—:Scripts

[ 2017-07-12T19:56:09+08:00 ] 127.0.0.1 /Scripts/com.js
INFO: [ app_init ] --START--
INFO: Run Behavior\BuildLiteBehavior [ RunTime:0.000027s ]
INFO: [ app_init ] --END-- [ RunTime:0.000706s ]
ERR: æ— æ³•åŠ è½½æ¨¡å—:Scripts

[ 2017-07-12T19:56:09+08:00 ] 127.0.0.1 /Picture/loading.png
INFO: [ app_init ] --START--
INFO: Run Behavior\BuildLiteBehavior [ RunTime:0.000021s ]
INFO: [ app_init ] --END-- [ RunTime:0.000586s ]
ERR: æ— æ³•åŠ è½½æ¨¡å—:Picture

[ 2017-07-12T19:56:09+08:00 ] 127.0.0.1 /Scripts/com.js
INFO: [ app_init ] --START--
INFO: Run Behavior\BuildLiteBehavior [ RunTime:0.000016s ]
INFO: [ app_init ] --END-- [ RunTime:0.000456s ]
ERR: æ— æ³•åŠ è½½æ¨¡å—:Scripts

[ 2017-07-12T19:57:36+08:00 ] 127.0.0.1 /Picture/loading.png
INFO: [ app_init ] --START--
INFO: Run Behavior\BuildLiteBehavior [ RunTime:0.000064s ]
INFO: [ app_init ] --END-- [ RunTime:0.001609s ]
ERR: æ— æ³•åŠ è½½æ¨¡å—:Picture

[ 2017-07-12T19:57:36+08:00 ] 127.0.0.1 /Scripts/com.js
INFO: [ app_init ] --START--
INFO: Run Behavior\BuildLiteBehavior [ RunTime:0.000025s ]
INFO: [ app_init ] --END-- [ RunTime:0.000455s ]
ERR: æ— æ³•åŠ è½½æ¨¡å—:Scripts

[ 2017-07-12T19:57:36+08:00 ] 127.0.0.1 /Scripts/com.js
INFO: [ app_init ] --START--
INFO: Run Behavior\BuildLiteBehavior [ RunTime:0.000023s ]
INFO: [ app_init ] --END-- [ RunTime:0.001089s ]
ERR: æ— æ³•åŠ è½½æ¨¡å—:Scripts

[ 2017-07-12T19:58:36+08:00 ] 127.0.0.1 /Picture/loading.png
INFO: [ app_init ] --START--
INFO: Run Behavior\BuildLiteBehavior [ RunTime:0.000019s ]
INFO: [ app_init ] --END-- [ RunTime:0.000576s ]
ERR: æ— æ³•åŠ è½½æ¨¡å—:Picture

[ 2017-07-12T19:58:36+08:00 ] 127.0.0.1 /Scripts/com.js
INFO: [ app_init ] --START--
INFO: Run Behavior\BuildLiteBehavior [ RunTime:0.000021s ]
INFO: [ app_init ] --END-- [ RunTime:0.001292s ]
ERR: æ— æ³•åŠ è½½æ¨¡å—:Scripts

[ 2017-07-12T19:58:37+08:00 ] 127.0.0.1 /Scripts/com.js
INFO: [ app_init ] --START--
INFO: Run Behavior\BuildLiteBehavior [ RunTime:0.000022s ]
INFO: [ app_init ] --END-- [ RunTime:0.000663s ]
ERR: æ— æ³•åŠ è½½æ¨¡å—:Scripts

[ 2017-07-12T19:59:06+08:00 ] 127.0.0.1 /Scripts/com.js
INFO: [ app_init ] --START--
INFO: Run Behavior\BuildLiteBehavior [ RunTime:0.000031s ]
INFO: [ app_init ] --END-- [ RunTime:0.002030s ]
ERR: æ— æ³•åŠ è½½æ¨¡å—:Scripts

[ 2017-07-12T19:59:06+08:00 ] 127.0.0.1 /Picture/loading.png
INFO: [ app_init ] --START--
INFO: Run Behavior\BuildLiteBehavior [ RunTime:0.000031s ]
INFO: [ app_init ] --END-- [ RunTime:0.001025s ]
ERR: æ— æ³•åŠ è½½æ¨¡å—:Picture

[ 2017-07-12T19:59:06+08:00 ] 127.0.0.1 /Scripts/com.js
INFO: [ app_init ] --START--
INFO: Run Behavior\BuildLiteBehavior [ RunTime:0.000035s ]
INFO: [ app_init ] --END-- [ RunTime:0.000886s ]
ERR: æ— æ³•åŠ è½½æ¨¡å—:Scripts

[ 2017-07-12T19:59:34+08:00 ] 127.0.0.1 /Picture/loading.png
INFO: [ app_init ] --START--
INFO: Run Behavior\BuildLiteBehavior [ RunTime:0.000014s ]
INFO: [ app_init ] --END-- [ RunTime:0.000395s ]
ERR: æ— æ³•åŠ è½½æ¨¡å—:Picture

[ 2017-07-12T19:59:34+08:00 ] 127.0.0.1 /Scripts/com.js
INFO: [ app_init ] --START--
INFO: Run Behavior\BuildLiteBehavior [ RunTime:0.000023s ]
INFO: [ app_init ] --END-- [ RunTime:0.000658s ]
ERR: æ— æ³•åŠ è½½æ¨¡å—:Scripts

[ 2017-07-12T19:59:34+08:00 ] 127.0.0.1 /Scripts/com.js
INFO: [ app_init ] --START--
INFO: Run Behavior\BuildLiteBehavior [ RunTime:0.000027s ]
INFO: [ app_init ] --END-- [ RunTime:0.000842s ]
ERR: æ— æ³•åŠ è½½æ¨¡å—:Scripts

[ 2017-07-12T19:59:55+08:00 ] 127.0.0.1 /Scripts/com.js
INFO: [ app_init ] --START--
INFO: Run Behavior\BuildLiteBehavior [ RunTime:0.000020s ]
INFO: [ app_init ] --END-- [ RunTime:0.000589s ]
ERR: æ— æ³•åŠ è½½æ¨¡å—:Scripts

[ 2017-07-12T19:59:55+08:00 ] 127.0.0.1 /Picture/loading.png
INFO: [ app_init ] --START--
INFO: Run Behavior\BuildLiteBehavior [ RunTime:0.000021s ]
INFO: [ app_init ] --END-- [ RunTime:0.000683s ]
ERR: æ— æ³•åŠ è½½æ¨¡å—:Picture

[ 2017-07-12T19:59:55+08:00 ] 127.0.0.1 /Scripts/com.js
INFO: [ app_init ] --START--
INFO: Run Behavior\BuildLiteBehavior [ RunTime:0.000021s ]
INFO: [ app_init ] --END-- [ RunTime:0.000596s ]
ERR: æ— æ³•åŠ è½½æ¨¡å—:Scripts

[ 2017-07-12T19:59:56+08:00 ] 127.0.0.1 /Picture/loading.png
INFO: [ app_init ] --START--
INFO: Run Behavior\BuildLiteBehavior [ RunTime:0.000207s ]
INFO: [ app_init ] --END-- [ RunTime:0.000773s ]
ERR: æ— æ³•åŠ è½½æ¨¡å—:Picture

[ 2017-07-12T19:59:56+08:00 ] 127.0.0.1 /Scripts/com.js
INFO: [ app_init ] --START--
INFO: Run Behavior\BuildLiteBehavior [ RunTime:0.000032s ]
INFO: [ app_init ] --END-- [ RunTime:0.001780s ]
ERR: æ— æ³•åŠ è½½æ¨¡å—:Scripts

[ 2017-07-12T19:59:56+08:00 ] 127.0.0.1 /Scripts/com.js
INFO: [ app_init ] --START--
INFO: Run Behavior\BuildLiteBehavior [ RunTime:0.000020s ]
INFO: [ app_init ] --END-- [ RunTime:0.000583s ]
ERR: æ— æ³•åŠ è½½æ¨¡å—:Scripts

[ 2017-07-12T20:00:32+08:00 ] 127.0.0.1 /Picture/loading.png
INFO: [ app_init ] --START--
INFO: Run Behavior\BuildLiteBehavior [ RunTime:0.000024s ]
INFO: [ app_init ] --END-- [ RunTime:0.000766s ]
ERR: æ— æ³•åŠ è½½æ¨¡å—:Picture

[ 2017-07-12T20:00:32+08:00 ] 127.0.0.1 /Scripts/com.js
INFO: [ app_init ] --START--
INFO: Run Behavior\BuildLiteBehavior [ RunTime:0.000019s ]
INFO: [ app_init ] --END-- [ RunTime:0.000520s ]
ERR: æ— æ³•åŠ è½½æ¨¡å—:Scripts

[ 2017-07-12T20:00:32+08:00 ] 127.0.0.1 /Scripts/com.js
INFO: [ app_init ] --START--
INFO: Run Behavior\BuildLiteBehavior [ RunTime:0.000024s ]
INFO: [ app_init ] --END-- [ RunTime:0.000618s ]
ERR: æ— æ³•åŠ è½½æ¨¡å—:Scripts

[ 2017-07-12T20:00:44+08:00 ] 127.0.0.1 /Picture/loading.png
INFO: [ app_init ] --START--
INFO: Run Behavior\BuildLiteBehavior [ RunTime:0.000023s ]
INFO: [ app_init ] --END-- [ RunTime:0.001483s ]
ERR: æ— æ³•åŠ è½½æ¨¡å—:Picture

[ 2017-07-12T20:00:44+08:00 ] 127.0.0.1 /Scripts/com.js
INFO: [ app_init ] --START--
INFO: Run Behavior\BuildLiteBehavior [ RunTime:0.000033s ]
INFO: [ app_init ] --END-- [ RunTime:0.000913s ]
ERR: æ— æ³•åŠ è½½æ¨¡å—:Scripts

[ 2017-07-12T20:00:44+08:00 ] 127.0.0.1 /Scripts/com.js
INFO: [ app_init ] --START--
INFO: Run Behavior\BuildLiteBehavior [ RunTime:0.000021s ]
INFO: [ app_init ] --END-- [ RunTime:0.000622s ]
ERR: æ— æ³•åŠ è½½æ¨¡å—:Scripts

[ 2017-07-12T20:00:55+08:00 ] 127.0.0.1 /Picture/loading.png
INFO: [ app_init ] --START--
INFO: Run Behavior\BuildLiteBehavior [ RunTime:0.000021s ]
INFO: [ app_init ] --END-- [ RunTime:0.000915s ]
ERR: æ— æ³•åŠ è½½æ¨¡å—:Picture

[ 2017-07-12T20:00:56+08:00 ] 127.0.0.1 /Scripts/com.js
INFO: [ app_init ] --START--
INFO: Run Behavior\BuildLiteBehavior [ RunTime:0.000022s ]
INFO: [ app_init ] --END-- [ RunTime:0.000691s ]
ERR: æ— æ³•åŠ è½½æ¨¡å—:Scripts

[ 2017-07-12T20:00:56+08:00 ] 127.0.0.1 /Picture/loading.png
INFO: [ app_init ] --START--
INFO: Run Behavior\BuildLiteBehavior [ RunTime:0.000021s ]
INFO: [ app_init ] --END-- [ RunTime:0.000584s ]
ERR: æ— æ³•åŠ è½½æ¨¡å—:Picture

[ 2017-07-12T20:00:56+08:00 ] 127.0.0.1 /Scripts/com.js
INFO: [ app_init ] --START--
INFO: Run Behavior\BuildLiteBehavior [ RunTime:0.000025s ]
INFO: [ app_init ] --END-- [ RunTime:0.001007s ]
ERR: æ— æ³•åŠ è½½æ¨¡å—:Scripts

[ 2017-07-12T20:01:08+08:00 ] 127.0.0.1 /Picture/loading.png
INFO: [ app_init ] --START--
INFO: Run Behavior\BuildLiteBehavior [ RunTime:0.000021s ]
INFO: [ app_init ] --END-- [ RunTime:0.000624s ]
ERR: æ— æ³•åŠ è½½æ¨¡å—:Picture

[ 2017-07-12T20:01:08+08:00 ] 127.0.0.1 /Scripts/com.js
INFO: [ app_init ] --START--
INFO: Run Behavior\BuildLiteBehavior [ RunTime:0.000025s ]
INFO: [ app_init ] --END-- [ RunTime:0.000895s ]
ERR: æ— æ³•åŠ è½½æ¨¡å—:Scripts

[ 2017-07-12T20:01:08+08:00 ] 127.0.0.1 /Scripts/com.js
INFO: [ app_init ] --START--
INFO: Run Behavior\BuildLiteBehavior [ RunTime:0.000025s ]
INFO: [ app_init ] --END-- [ RunTime:0.000831s ]
ERR: æ— æ³•åŠ è½½æ¨¡å—:Scripts

[ 2017-07-12T20:01:39+08:00 ] 127.0.0.1 /Scripts/com.js
INFO: [ app_init ] --START--
INFO: Run Behavior\BuildLiteBehavior [ RunTime:0.000024s ]
INFO: [ app_init ] --END-- [ RunTime:0.000723s ]
ERR: æ— æ³•åŠ è½½æ¨¡å—:Scripts

[ 2017-07-12T20:01:39+08:00 ] 127.0.0.1 /Scripts/com.js
INFO: [ app_init ] --START--
INFO: Run Behavior\BuildLiteBehavior [ RunTime:0.000020s ]
INFO: [ app_init ] --END-- [ RunTime:0.000563s ]
ERR: æ— æ³•åŠ è½½æ¨¡å—:Scripts

[ 2017-07-12T20:01:40+08:00 ] 127.0.0.1 /Scripts/com.js
INFO: [ app_init ] --START--
INFO: Run Behavior\BuildLiteBehavior [ RunTime:0.000021s ]
INFO: [ app_init ] --END-- [ RunTime:0.000739s ]
ERR: æ— æ³•åŠ è½½æ¨¡å—:Scripts

[ 2017-07-12T20:01:41+08:00 ] 127.0.0.1 /Scripts/com.js
INFO: [ app_init ] --START--
INFO: Run Behavior\BuildLiteBehavior [ RunTime:0.000028s ]
INFO: [ app_init ] --END-- [ RunTime:0.002414s ]
ERR: æ— æ³•åŠ è½½æ¨¡å—:Scripts

[ 2017-07-12T20:01:54+08:00 ] 127.0.0.1 /Scripts/com.js
INFO: [ app_init ] --START--
INFO: Run Behavior\BuildLiteBehavior [ RunTime:0.000029s ]
INFO: [ app_init ] --END-- [ RunTime:0.000737s ]
ERR: æ— æ³•åŠ è½½æ¨¡å—:Scripts

[ 2017-07-12T20:01:55+08:00 ] 127.0.0.1 /Scripts/com.js
INFO: [ app_init ] --START--
INFO: Run Behavior\BuildLiteBehavior [ RunTime:0.000019s ]
INFO: [ app_init ] --END-- [ RunTime:0.000527s ]
ERR: æ— æ³•åŠ è½½æ¨¡å—:Scripts

[ 2017-07-12T20:02:04+08:00 ] 127.0.0.1 /Scripts/com.js
INFO: [ app_init ] --START--
INFO: Run Behavior\BuildLiteBehavior [ RunTime:0.000075s ]
INFO: [ app_init ] --END-- [ RunTime:0.001341s ]
ERR: æ— æ³•åŠ è½½æ¨¡å—:Scripts

[ 2017-07-12T20:02:04+08:00 ] 127.0.0.1 /Scripts/com.js
INFO: [ app_init ] --START--
INFO: Run Behavior\BuildLiteBehavior [ RunTime:0.000027s ]
INFO: [ app_init ] --END-- [ RunTime:0.000732s ]
ERR: æ— æ³•åŠ è½½æ¨¡å—:Scripts

[ 2017-07-12T20:02:15+08:00 ] 127.0.0.1 /Scripts/com.js
INFO: [ app_init ] --START--
INFO: Run Behavior\BuildLiteBehavior [ RunTime:0.000026s ]
INFO: [ app_init ] --END-- [ RunTime:0.000820s ]
ERR: æ— æ³•åŠ è½½æ¨¡å—:Scripts

[ 2017-07-12T20:02:15+08:00 ] 127.0.0.1 /Scripts/com.js
INFO: [ app_init ] --START--
INFO: Run Behavior\BuildLiteBehavior [ RunTime:0.000096s ]
INFO: [ app_init ] --END-- [ RunTime:0.001199s ]
ERR: æ— æ³•åŠ è½½æ¨¡å—:Scripts

[ 2017-07-12T20:02:17+08:00 ] 127.0.0.1 /Scripts/com.js
INFO: [ app_init ] --START--
INFO: Run Behavior\BuildLiteBehavior [ RunTime:0.000022s ]
INFO: [ app_init ] --END-- [ RunTime:0.000737s ]
ERR: æ— æ³•åŠ è½½æ¨¡å—:Scripts

[ 2017-07-12T20:02:17+08:00 ] 127.0.0.1 /Scripts/com.js
INFO: [ app_init ] --START--
INFO: Run Behavior\BuildLiteBehavior [ RunTime:0.000095s ]
INFO: [ app_init ] --END-- [ RunTime:0.002478s ]
ERR: æ— æ³•åŠ è½½æ¨¡å—:Scripts

[ 2017-07-12T20:02:42+08:00 ] 127.0.0.1 /Scripts/com.js
INFO: [ app_init ] --START--
INFO: Run Behavior\BuildLiteBehavior [ RunTime:0.000013s ]
INFO: [ app_init ] --END-- [ RunTime:0.000412s ]
ERR: æ— æ³•åŠ è½½æ¨¡å—:Scripts

[ 2017-07-12T20:02:42+08:00 ] 127.0.0.1 /Scripts/com.js
INFO: [ app_init ] --START--
INFO: Run Behavior\BuildLiteBehavior [ RunTime:0.000013s ]
INFO: [ app_init ] --END-- [ RunTime:0.000348s ]
ERR: æ— æ³•åŠ è½½æ¨¡å—:Scripts

[ 2017-07-12T20:02:45+08:00 ] 127.0.0.1 /Scripts/com.js
INFO: [ app_init ] --START--
INFO: Run Behavior\BuildLiteBehavior [ RunTime:0.000016s ]
INFO: [ app_init ] --END-- [ RunTime:0.000380s ]
ERR: æ— æ³•åŠ è½½æ¨¡å—:Scripts

[ 2017-07-12T20:02:45+08:00 ] 127.0.0.1 /Scripts/com.js
INFO: [ app_init ] --START--
INFO: Run Behavior\BuildLiteBehavior [ RunTime:0.000037s ]
INFO: [ app_init ] --END-- [ RunTime:0.001024s ]
ERR: æ— æ³•åŠ è½½æ¨¡å—:Scripts

[ 2017-07-12T20:02:47+08:00 ] 127.0.0.1 /Scripts/com.js
INFO: [ app_init ] --START--
INFO: Run Behavior\BuildLiteBehavior [ RunTime:0.000019s ]
INFO: [ app_init ] --END-- [ RunTime:0.000562s ]
ERR: æ— æ³•åŠ è½½æ¨¡å—:Scripts

[ 2017-07-12T20:02:47+08:00 ] 127.0.0.1 /Scripts/com.js
INFO: [ app_init ] --START--
INFO: Run Behavior\BuildLiteBehavior [ RunTime:0.000022s ]
INFO: [ app_init ] --END-- [ RunTime:0.000640s ]
ERR: æ— æ³•åŠ è½½æ¨¡å—:Scripts

[ 2017-07-12T20:02:50+08:00 ] 127.0.0.1 /Scripts/com.js
INFO: [ app_init ] --START--
INFO: Run Behavior\BuildLiteBehavior [ RunTime:0.000013s ]
INFO: [ app_init ] --END-- [ RunTime:0.000362s ]
ERR: æ— æ³•åŠ è½½æ¨¡å—:Scripts

[ 2017-07-12T20:02:50+08:00 ] 127.0.0.1 /Scripts/com.js
INFO: [ app_init ] --START--
INFO: Run Behavior\BuildLiteBehavior [ RunTime:0.000010s ]
INFO: [ app_init ] --END-- [ RunTime:0.000329s ]
ERR: æ— æ³•åŠ è½½æ¨¡å—:Scripts

[ 2017-07-12T20:02:52+08:00 ] 127.0.0.1 /Scripts/com.js
INFO: [ app_init ] --START--
INFO: Run Behavior\BuildLiteBehavior [ RunTime:0.000015s ]
INFO: [ app_init ] --END-- [ RunTime:0.000427s ]
ERR: æ— æ³•åŠ è½½æ¨¡å—:Scripts

[ 2017-07-12T20:02:52+08:00 ] 127.0.0.1 /Scripts/com.js
INFO: [ app_init ] --START--
INFO: Run Behavior\BuildLiteBehavior [ RunTime:0.000017s ]
INFO: [ app_init ] --END-- [ RunTime:0.000521s ]
ERR: æ— æ³•åŠ è½½æ¨¡å—:Scripts

[ 2017-07-12T20:03:08+08:00 ] 127.0.0.1 /Scripts/com.js
INFO: [ app_init ] --START--
INFO: Run Behavior\BuildLiteBehavior [ RunTime:0.000017s ]
INFO: [ app_init ] --END-- [ RunTime:0.000501s ]
ERR: æ— æ³•åŠ è½½æ¨¡å—:Scripts

[ 2017-07-12T20:03:09+08:00 ] 127.0.0.1 /Scripts/com.js
INFO: [ app_init ] --START--
INFO: Run Behavior\BuildLiteBehavior [ RunTime:0.000018s ]
INFO: [ app_init ] --END-- [ RunTime:0.000456s ]
ERR: æ— æ³•åŠ è½½æ¨¡å—:Scripts

[ 2017-07-12T20:03:14+08:00 ] 127.0.0.1 /Scripts/com.js
INFO: [ app_init ] --START--
INFO: Run Behavior\BuildLiteBehavior [ RunTime:0.000014s ]
INFO: [ app_init ] --END-- [ RunTime:0.000626s ]
ERR: æ— æ³•åŠ è½½æ¨¡å—:Scripts

[ 2017-07-12T20:03:14+08:00 ] 127.0.0.1 /Scripts/com.js
INFO: [ app_init ] --START--
INFO: Run Behavior\BuildLiteBehavior [ RunTime:0.000018s ]
INFO: [ app_init ] --END-- [ RunTime:0.000495s ]
ERR: æ— æ³•åŠ è½½æ¨¡å—:Scripts

[ 2017-07-12T20:03:16+08:00 ] 127.0.0.1 /Scripts/com.js
INFO: [ app_init ] --START--
INFO: Run Behavior\BuildLiteBehavior [ RunTime:0.000013s ]
INFO: [ app_init ] --END-- [ RunTime:0.000367s ]
ERR: æ— æ³•åŠ è½½æ¨¡å—:Scripts

[ 2017-07-12T20:03:16+08:00 ] 127.0.0.1 /Scripts/com.js
INFO: [ app_init ] --START--
INFO: Run Behavior\BuildLiteBehavior [ RunTime:0.000027s ]
INFO: [ app_init ] --END-- [ RunTime:0.000609s ]
ERR: æ— æ³•åŠ è½½æ¨¡å—:Scripts

[ 2017-07-12T20:03:22+08:00 ] 127.0.0.1 /Scripts/com.js
INFO: [ app_init ] --START--
INFO: Run Behavior\BuildLiteBehavior [ RunTime:0.000013s ]
INFO: [ app_init ] --END-- [ RunTime:0.000351s ]
ERR: æ— æ³•åŠ è½½æ¨¡å—:Scripts

[ 2017-07-12T20:03:23+08:00 ] 127.0.0.1 /Scripts/com.js
INFO: [ app_init ] --START--
INFO: Run Behavior\BuildLiteBehavior [ RunTime:0.000015s ]
INFO: [ app_init ] --END-- [ RunTime:0.000386s ]
ERR: æ— æ³•åŠ è½½æ¨¡å—:Scripts

[ 2017-07-12T20:03:23+08:00 ] 127.0.0.1 /Scripts/com.js
INFO: [ app_init ] --START--
INFO: Run Behavior\BuildLiteBehavior [ RunTime:0.000014s ]
INFO: [ app_init ] --END-- [ RunTime:0.000431s ]
ERR: æ— æ³•åŠ è½½æ¨¡å—:Scripts

[ 2017-07-12T20:03:24+08:00 ] 127.0.0.1 /Scripts/com.js
INFO: [ app_init ] --START--
INFO: Run Behavior\BuildLiteBehavior [ RunTime:0.000080s ]
INFO: [ app_init ] --END-- [ RunTime:0.001331s ]
ERR: æ— æ³•åŠ è½½æ¨¡å—:Scripts

[ 2017-07-12T20:03:24+08:00 ] 127.0.0.1 /Scripts/com.js
INFO: [ app_init ] --START--
INFO: Run Behavior\BuildLiteBehavior [ RunTime:0.000015s ]
INFO: [ app_init ] --END-- [ RunTime:0.000406s ]
ERR: æ— æ³•åŠ è½½æ¨¡å—:Scripts

[ 2017-07-12T20:03:25+08:00 ] 127.0.0.1 /Scripts/com.js
INFO: [ app_init ] --START--
INFO: Run Behavior\BuildLiteBehavior [ RunTime:0.000017s ]
INFO: [ app_init ] --END-- [ RunTime:0.000504s ]
ERR: æ— æ³•åŠ è½½æ¨¡å—:Scripts

[ 2017-07-12T20:06:31+08:00 ] 127.0.0.1 /Scripts/com.js
INFO: [ app_init ] --START--
INFO: Run Behavior\BuildLiteBehavior [ RunTime:0.000014s ]
INFO: [ app_init ] --END-- [ RunTime:0.000409s ]
ERR: æ— æ³•åŠ è½½æ¨¡å—:Scripts

[ 2017-07-12T20:06:31+08:00 ] 127.0.0.1 /Scripts/com.js
INFO: [ app_init ] --START--
INFO: Run Behavior\BuildLiteBehavior [ RunTime:0.000011s ]
INFO: [ app_init ] --END-- [ RunTime:0.000357s ]
ERR: æ— æ³•åŠ è½½æ¨¡å—:Scripts

[ 2017-07-12T20:06:34+08:00 ] 127.0.0.1 /Scripts/com.js
INFO: [ app_init ] --START--
INFO: Run Behavior\BuildLiteBehavior [ RunTime:0.000012s ]
INFO: [ app_init ] --END-- [ RunTime:0.000348s ]
ERR: æ— æ³•åŠ è½½æ¨¡å—:Scripts

[ 2017-07-12T20:06:34+08:00 ] 127.0.0.1 /Scripts/com.js
INFO: [ app_init ] --START--
INFO: Run Behavior\BuildLiteBehavior [ RunTime:0.000018s ]
INFO: [ app_init ] --END-- [ RunTime:0.000501s ]
ERR: æ— æ³•åŠ è½½æ¨¡å—:Scripts

[ 2017-07-12T21:22:19+08:00 ] 127.0.0.1 /favicon.ico
INFO: [ app_init ] --START--
INFO: Run Behavior\BuildLiteBehavior [ RunTime:0.000024s ]
INFO: [ app_init ] --END-- [ RunTime:0.000725s ]
ERR: æ— æ³•åŠ è½½æ¨¡å—:Favicon

